running egg_info
writing ../../build/vacuum_odom/vacuum_odom.egg-info/PKG-INFO
writing dependency_links to ../../build/vacuum_odom/vacuum_odom.egg-info/dependency_links.txt
writing entry points to ../../build/vacuum_odom/vacuum_odom.egg-info/entry_points.txt
writing requirements to ../../build/vacuum_odom/vacuum_odom.egg-info/requires.txt
writing top-level names to ../../build/vacuum_odom/vacuum_odom.egg-info/top_level.txt
reading manifest file '../../build/vacuum_odom/vacuum_odom.egg-info/SOURCES.txt'
writing manifest file '../../build/vacuum_odom/vacuum_odom.egg-info/SOURCES.txt'
running build
running build_py
copying vacuum_odom/imu_publisher_node.py -> /home/reeve/Vacuum_Cleaner_nav/build/vacuum_odom/build/lib/vacuum_odom
copying vacuum_odom/odom_publisher_node.py -> /home/reeve/Vacuum_Cleaner_nav/build/vacuum_odom/build/lib/vacuum_odom
running install
running install_lib
copying /home/reeve/Vacuum_Cleaner_nav/build/vacuum_odom/build/lib/vacuum_odom/imu_publisher_node.py -> /home/reeve/Vacuum_Cleaner_nav/install/vacuum_odom/lib/python3.10/site-packages/vacuum_odom
copying /home/reeve/Vacuum_Cleaner_nav/build/vacuum_odom/build/lib/vacuum_odom/odom_publisher_node.py -> /home/reeve/Vacuum_Cleaner_nav/install/vacuum_odom/lib/python3.10/site-packages/vacuum_odom
byte-compiling /home/reeve/Vacuum_Cleaner_nav/install/vacuum_odom/lib/python3.10/site-packages/vacuum_odom/imu_publisher_node.py to imu_publisher_node.cpython-310.pyc
byte-compiling /home/reeve/Vacuum_Cleaner_nav/install/vacuum_odom/lib/python3.10/site-packages/vacuum_odom/odom_publisher_node.py to odom_publisher_node.cpython-310.pyc
running install_data
copying launch/imu_publisher.launch.py -> /home/reeve/Vacuum_Cleaner_nav/install/vacuum_odom/share/vacuum_odom/launch
running install_egg_info
removing '/home/reeve/Vacuum_Cleaner_nav/install/vacuum_odom/lib/python3.10/site-packages/vacuum_odom-0.0.0-py3.10.egg-info' (and everything under it)
Copying ../../build/vacuum_odom/vacuum_odom.egg-info to /home/reeve/Vacuum_Cleaner_nav/install/vacuum_odom/lib/python3.10/site-packages/vacuum_odom-0.0.0-py3.10.egg-info
running install_scripts
Installing imu_publisher_node script to /home/reeve/Vacuum_Cleaner_nav/install/vacuum_odom/lib/vacuum_odom
Installing odom_publisher_node script to /home/reeve/Vacuum_Cleaner_nav/install/vacuum_odom/lib/vacuum_odom
writing list of installed files to '/home/reeve/Vacuum_Cleaner_nav/build/vacuum_odom/install.log'
