[4.455s] Invoking command in '/home/reeve/Vacuum_Cleaner_nav/src/vacuum_odom': PYTHONPATH=/home/reeve/Vacuum_Cleaner_nav/build/vacuum_odom/prefix_override:/usr/lib/python3/dist-packages/colcon_core/task/python/colcon_distutils_commands:/home/reeve/Vacuum_Cleaner_nav/install/vacuum_odom/lib/python3.10/site-packages:${PYTHONPATH} /usr/bin/python3 -W ignore:setup.py install is deprecated -W ignore:easy_install command is deprecated setup.py egg_info --egg-base ../../build/vacuum_odom build --build-base /home/reeve/Vacuum_Cleaner_nav/build/vacuum_odom/build install --record /home/reeve/Vacuum_Cleaner_nav/build/vacuum_odom/install.log --single-version-externally-managed install_data
[5.722s] running egg_info
[5.725s] writing ../../build/vacuum_odom/vacuum_odom.egg-info/PKG-INFO
[5.726s] writing dependency_links to ../../build/vacuum_odom/vacuum_odom.egg-info/dependency_links.txt
[5.731s] writing entry points to ../../build/vacuum_odom/vacuum_odom.egg-info/entry_points.txt
[5.732s] writing requirements to ../../build/vacuum_odom/vacuum_odom.egg-info/requires.txt
[5.733s] writing top-level names to ../../build/vacuum_odom/vacuum_odom.egg-info/top_level.txt
[5.742s] reading manifest file '../../build/vacuum_odom/vacuum_odom.egg-info/SOURCES.txt'
[5.747s] writing manifest file '../../build/vacuum_odom/vacuum_odom.egg-info/SOURCES.txt'
[5.749s] running build
[5.750s] running build_py
[5.752s] copying vacuum_odom/imu_publisher_node.py -> /home/reeve/Vacuum_Cleaner_nav/build/vacuum_odom/build/lib/vacuum_odom
[5.755s] copying vacuum_odom/odom_publisher_node.py -> /home/reeve/Vacuum_Cleaner_nav/build/vacuum_odom/build/lib/vacuum_odom
[5.756s] running install
[5.756s] running install_lib
[5.760s] copying /home/reeve/Vacuum_Cleaner_nav/build/vacuum_odom/build/lib/vacuum_odom/imu_publisher_node.py -> /home/reeve/Vacuum_Cleaner_nav/install/vacuum_odom/lib/python3.10/site-packages/vacuum_odom
[5.762s] copying /home/reeve/Vacuum_Cleaner_nav/build/vacuum_odom/build/lib/vacuum_odom/odom_publisher_node.py -> /home/reeve/Vacuum_Cleaner_nav/install/vacuum_odom/lib/python3.10/site-packages/vacuum_odom
[5.765s] byte-compiling /home/reeve/Vacuum_Cleaner_nav/install/vacuum_odom/lib/python3.10/site-packages/vacuum_odom/imu_publisher_node.py to imu_publisher_node.cpython-310.pyc
[5.770s] byte-compiling /home/reeve/Vacuum_Cleaner_nav/install/vacuum_odom/lib/python3.10/site-packages/vacuum_odom/odom_publisher_node.py to odom_publisher_node.cpython-310.pyc
[5.774s] running install_data
[5.776s] copying launch/imu_publisher.launch.py -> /home/reeve/Vacuum_Cleaner_nav/install/vacuum_odom/share/vacuum_odom/launch
[5.777s] running install_egg_info
[5.790s] removing '/home/reeve/Vacuum_Cleaner_nav/install/vacuum_odom/lib/python3.10/site-packages/vacuum_odom-0.0.0-py3.10.egg-info' (and everything under it)
[5.795s] Copying ../../build/vacuum_odom/vacuum_odom.egg-info to /home/reeve/Vacuum_Cleaner_nav/install/vacuum_odom/lib/python3.10/site-packages/vacuum_odom-0.0.0-py3.10.egg-info
[5.803s] running install_scripts
[5.906s] Installing imu_publisher_node script to /home/reeve/Vacuum_Cleaner_nav/install/vacuum_odom/lib/vacuum_odom
[5.907s] Installing odom_publisher_node script to /home/reeve/Vacuum_Cleaner_nav/install/vacuum_odom/lib/vacuum_odom
[5.910s] writing list of installed files to '/home/reeve/Vacuum_Cleaner_nav/build/vacuum_odom/install.log'
[6.137s] Invoked command in '/home/reeve/Vacuum_Cleaner_nav/src/vacuum_odom' returned '0': PYTHONPATH=/home/reeve/Vacuum_Cleaner_nav/build/vacuum_odom/prefix_override:/usr/lib/python3/dist-packages/colcon_core/task/python/colcon_distutils_commands:/home/reeve/Vacuum_Cleaner_nav/install/vacuum_odom/lib/python3.10/site-packages:${PYTHONPATH} /usr/bin/python3 -W ignore:setup.py install is deprecated -W ignore:easy_install command is deprecated setup.py egg_info --egg-base ../../build/vacuum_odom build --build-base /home/reeve/Vacuum_Cleaner_nav/build/vacuum_odom/build install --record /home/reeve/Vacuum_Cleaner_nav/build/vacuum_odom/install.log --single-version-externally-managed install_data
