[4.368s] Invoking command in '/home/reeve/Vacuum_Cleaner_nav/src/vacuum_slam': PYTHONPATH=/home/reeve/Vacuum_Cleaner_nav/build/vacuum_slam/prefix_override:/usr/lib/python3/dist-packages/colcon_core/task/python/colcon_distutils_commands:/home/reeve/Vacuum_Cleaner_nav/install/vacuum_slam/lib/python3.10/site-packages:${PYTHONPATH} /usr/bin/python3 -W ignore:setup.py install is deprecated -W ignore:easy_install command is deprecated setup.py egg_info --egg-base ../../build/vacuum_slam build --build-base /home/reeve/Vacuum_Cleaner_nav/build/vacuum_slam/build install --record /home/reeve/Vacuum_Cleaner_nav/build/vacuum_slam/install.log --single-version-externally-managed install_data
[5.648s] running egg_info
[5.651s] writing ../../build/vacuum_slam/vacuum_slam.egg-info/PKG-INFO
[5.653s] writing dependency_links to ../../build/vacuum_slam/vacuum_slam.egg-info/dependency_links.txt
[5.654s] writing entry points to ../../build/vacuum_slam/vacuum_slam.egg-info/entry_points.txt
[5.656s] writing requirements to ../../build/vacuum_slam/vacuum_slam.egg-info/requires.txt
[5.657s] writing top-level names to ../../build/vacuum_slam/vacuum_slam.egg-info/top_level.txt
[5.666s] reading manifest file '../../build/vacuum_slam/vacuum_slam.egg-info/SOURCES.txt'
[5.671s] writing manifest file '../../build/vacuum_slam/vacuum_slam.egg-info/SOURCES.txt'
[5.672s] running build
[5.673s] running build_py
[5.675s] running install
[5.677s] running install_lib
[5.681s] running install_data
[5.682s] copying launch/online_async_launch.py -> /home/reeve/Vacuum_Cleaner_nav/install/vacuum_slam/share/vacuum_slam/launch
[5.684s] copying config/ekf.yaml -> /home/reeve/Vacuum_Cleaner_nav/install/vacuum_slam/share/vacuum_slam/config
[5.686s] copying config/mapper_params_online_async.yaml -> /home/reeve/Vacuum_Cleaner_nav/install/vacuum_slam/share/vacuum_slam/config
[5.687s] running install_egg_info
[5.700s] removing '/home/reeve/Vacuum_Cleaner_nav/install/vacuum_slam/lib/python3.10/site-packages/vacuum_slam-0.0.0-py3.10.egg-info' (and everything under it)
[5.702s] Copying ../../build/vacuum_slam/vacuum_slam.egg-info to /home/reeve/Vacuum_Cleaner_nav/install/vacuum_slam/lib/python3.10/site-packages/vacuum_slam-0.0.0-py3.10.egg-info
[5.710s] running install_scripts
[5.800s] writing list of installed files to '/home/reeve/Vacuum_Cleaner_nav/build/vacuum_slam/install.log'
[5.979s] Invoked command in '/home/reeve/Vacuum_Cleaner_nav/src/vacuum_slam' returned '0': PYTHONPATH=/home/reeve/Vacuum_Cleaner_nav/build/vacuum_slam/prefix_override:/usr/lib/python3/dist-packages/colcon_core/task/python/colcon_distutils_commands:/home/reeve/Vacuum_Cleaner_nav/install/vacuum_slam/lib/python3.10/site-packages:${PYTHONPATH} /usr/bin/python3 -W ignore:setup.py install is deprecated -W ignore:easy_install command is deprecated setup.py egg_info --egg-base ../../build/vacuum_slam build --build-base /home/reeve/Vacuum_Cleaner_nav/build/vacuum_slam/build install --record /home/reeve/Vacuum_Cleaner_nav/build/vacuum_slam/install.log --single-version-externally-managed install_data
