[0.042s] Invoking command in '/home/reeve/Vacuum_Cleaner_nav/build/rf2o_laser_odometry': CMAKE_PREFIX_PATH=/opt/ros/humble /usr/bin/cmake /home/reeve/Vacuum_Cleaner_nav/src/rf2o_laser_odometry -DCMAKE_INSTALL_PREFIX=/home/reeve/Vacuum_Cleaner_nav/install/rf2o_laser_odometry
[0.929s] -- The C compiler identification is GNU 11.4.0
[1.638s] -- The CXX compiler identification is GNU 11.4.0
[1.691s] -- Detecting C compiler ABI info
[2.080s] -- Detecting C compiler ABI info - done
[2.105s] -- Check for working C compiler: /usr/bin/cc - skipped
[2.107s] -- Detecting C compile features
[2.110s] -- Detecting C compile features - done
[2.128s] -- Detecting CXX compiler ABI info
[2.497s] -- Detecting CXX compiler ABI info - done
[2.523s] -- Check for working CXX compiler: /usr/bin/c++ - skipped
[2.524s] -- Detecting CXX compile features
[2.526s] -- Detecting CXX compile features - done
[2.570s] -- Found ament_cmake: 1.3.11 (/opt/ros/humble/share/ament_cmake/cmake)
[3.325s] -- Found Python3: /usr/bin/python3 (found version "3.10.12") found components: Interpreter 
[3.981s] -- Found rclcpp: 16.0.12 (/opt/ros/humble/share/rclcpp/cmake)
[4.400s] -- Found rosidl_generator_c: 3.1.6 (/opt/ros/humble/share/rosidl_generator_c/cmake)
[4.512s] -- Found rosidl_adapter: 3.1.6 (/opt/ros/humble/share/rosidl_adapter/cmake)
[4.590s] -- Found rosidl_generator_cpp: 3.1.6 (/opt/ros/humble/share/rosidl_generator_cpp/cmake)
[4.690s] -- Using all available rosidl_typesupport_c: rosidl_typesupport_fastrtps_c;rosidl_typesupport_introspection_c
[4.819s] -- Using all available rosidl_typesupport_cpp: rosidl_typesupport_fastrtps_cpp;rosidl_typesupport_introspection_cpp
[5.190s] -- Found rmw_implementation_cmake: 6.1.2 (/opt/ros/humble/share/rmw_implementation_cmake/cmake)
[5.220s] -- Found rmw_fastrtps_cpp: 6.2.7 (/opt/ros/humble/share/rmw_fastrtps_cpp/cmake)
[5.851s] -- Found OpenSSL: /usr/lib/aarch64-linux-gnu/libcrypto.so (found version "3.0.2")  
[6.118s] -- Found FastRTPS: /opt/ros/humble/include  
[6.534s] -- Using RMW implementation 'rmw_fastrtps_cpp' as default
[6.625s] -- Looking for pthread.h
[7.000s] -- Looking for pthread.h - found
[7.003s] -- Performing Test CMAKE_HAVE_LIBC_PTHREAD
[7.345s] -- Performing Test CMAKE_HAVE_LIBC_PTHREAD - Success
[7.351s] -- Found Threads: TRUE  
[7.708s] -- Found geometry_msgs: 4.8.0 (/opt/ros/humble/share/geometry_msgs/cmake)
[7.796s] -- Found tf2_geometry_msgs: 0.25.12 (/opt/ros/humble/share/tf2_geometry_msgs/cmake)
[8.029s] -- Found eigen3_cmake_module: 0.1.1 (/opt/ros/humble/share/eigen3_cmake_module/cmake)
[8.036s] -- Found Eigen3: TRUE (found version "3.4.0") 
[8.036s] -- Ensuring Eigen3 include directory is part of orocos-kdl CMake target
[8.801s] -- Found sensor_msgs: 4.8.0 (/opt/ros/humble/share/sensor_msgs/cmake)
[8.905s] -- Found nav_msgs: 4.8.0 (/opt/ros/humble/share/nav_msgs/cmake)
[9.074s] -- Found Boost: /usr/lib/aarch64-linux-gnu/cmake/Boost-1.74.0/BoostConfig.cmake (found version "1.74.0")  
[9.422s] -- Configuring done
[9.522s] -- Generating done
[9.547s] -- Build files have been written to: /home/reeve/Vacuum_Cleaner_nav/build/rf2o_laser_odometry
[9.593s] Invoked command in '/home/reeve/Vacuum_Cleaner_nav/build/rf2o_laser_odometry' returned '0': CMAKE_PREFIX_PATH=/opt/ros/humble /usr/bin/cmake /home/reeve/Vacuum_Cleaner_nav/src/rf2o_laser_odometry -DCMAKE_INSTALL_PREFIX=/home/reeve/Vacuum_Cleaner_nav/install/rf2o_laser_odometry
[9.602s] Invoking command in '/home/reeve/Vacuum_Cleaner_nav/build/rf2o_laser_odometry': CMAKE_PREFIX_PATH=/opt/ros/humble /usr/bin/cmake --build /home/reeve/Vacuum_Cleaner_nav/build/rf2o_laser_odometry -- -j4 -l4
[9.846s] [ 20%] [32mBuilding CXX object CMakeFiles/rf2o_laser_odometry.dir/src/CLaserOdometry2D.cpp.o[0m
[9.886s] [ 40%] [32mBuilding CXX object CMakeFiles/rf2o_laser_odometry_node.dir/src/CLaserOdometry2DNode.cpp.o[0m
[9.907s] [ 60%] [32mBuilding CXX object CMakeFiles/rf2o_laser_odometry_node.dir/src/CLaserOdometry2D.cpp.o[0m
