running egg_info
creating ../../build/vacuum_odom/vacuum_odom.egg-info
writing ../../build/vacuum_odom/vacuum_odom.egg-info/PKG-INFO
writing dependency_links to ../../build/vacuum_odom/vacuum_odom.egg-info/dependency_links.txt
writing entry points to ../../build/vacuum_odom/vacuum_odom.egg-info/entry_points.txt
writing requirements to ../../build/vacuum_odom/vacuum_odom.egg-info/requires.txt
writing top-level names to ../../build/vacuum_odom/vacuum_odom.egg-info/top_level.txt
writing manifest file '../../build/vacuum_odom/vacuum_odom.egg-info/SOURCES.txt'
reading manifest file '../../build/vacuum_odom/vacuum_odom.egg-info/SOURCES.txt'
writing manifest file '../../build/vacuum_odom/vacuum_odom.egg-info/SOURCES.txt'
running build
running build_py
creating /home/reeve/Vacuum_Cleaner_nav/build/vacuum_odom/build
creating /home/reeve/Vacuum_Cleaner_nav/build/vacuum_odom/build/lib
creating /home/reeve/Vacuum_Cleaner_nav/build/vacuum_odom/build/lib/vacuum_odom
copying vacuum_odom/__init__.py -> /home/reeve/Vacuum_Cleaner_nav/build/vacuum_odom/build/lib/vacuum_odom
copying vacuum_odom/odom_publisher_node.py -> /home/reeve/Vacuum_Cleaner_nav/build/vacuum_odom/build/lib/vacuum_odom
running install
running install_lib
creating /home/reeve/Vacuum_Cleaner_nav/install/vacuum_odom/lib/python3.10/site-packages/vacuum_odom
copying /home/reeve/Vacuum_Cleaner_nav/build/vacuum_odom/build/lib/vacuum_odom/__init__.py -> /home/reeve/Vacuum_Cleaner_nav/install/vacuum_odom/lib/python3.10/site-packages/vacuum_odom
copying /home/reeve/Vacuum_Cleaner_nav/build/vacuum_odom/build/lib/vacuum_odom/odom_publisher_node.py -> /home/reeve/Vacuum_Cleaner_nav/install/vacuum_odom/lib/python3.10/site-packages/vacuum_odom
byte-compiling /home/reeve/Vacuum_Cleaner_nav/install/vacuum_odom/lib/python3.10/site-packages/vacuum_odom/__init__.py to __init__.cpython-310.pyc
byte-compiling /home/reeve/Vacuum_Cleaner_nav/install/vacuum_odom/lib/python3.10/site-packages/vacuum_odom/odom_publisher_node.py to odom_publisher_node.cpython-310.pyc
running install_data
creating /home/reeve/Vacuum_Cleaner_nav/install/vacuum_odom/share/ament_index
creating /home/reeve/Vacuum_Cleaner_nav/install/vacuum_odom/share/ament_index/resource_index
creating /home/reeve/Vacuum_Cleaner_nav/install/vacuum_odom/share/ament_index/resource_index/packages
copying resource/vacuum_odom -> /home/reeve/Vacuum_Cleaner_nav/install/vacuum_odom/share/ament_index/resource_index/packages
copying package.xml -> /home/reeve/Vacuum_Cleaner_nav/install/vacuum_odom/share/vacuum_odom
creating /home/reeve/Vacuum_Cleaner_nav/install/vacuum_odom/share/vacuum_odom/launch
copying launch/odom_publisher.launch.py -> /home/reeve/Vacuum_Cleaner_nav/install/vacuum_odom/share/vacuum_odom/launch
running install_egg_info
Copying ../../build/vacuum_odom/vacuum_odom.egg-info to /home/reeve/Vacuum_Cleaner_nav/install/vacuum_odom/lib/python3.10/site-packages/vacuum_odom-0.0.0-py3.10.egg-info
running install_scripts
Installing odom_publisher_node script to /home/reeve/Vacuum_Cleaner_nav/install/vacuum_odom/lib/vacuum_odom
writing list of installed files to '/home/reeve/Vacuum_Cleaner_nav/build/vacuum_odom/install.log'
