[5.024s] Invoking command in '/home/reeve/Vacuum_Cleaner_nav/src/vacuum_odom': PYTHONPATH=/home/reeve/Vacuum_Cleaner_nav/build/vacuum_odom/prefix_override:/usr/lib/python3/dist-packages/colcon_core/task/python/colcon_distutils_commands:/home/reeve/Vacuum_Cleaner_nav/install/vacuum_odom/lib/python3.10/site-packages:${PYTHONPATH} /usr/bin/python3 -W ignore:setup.py install is deprecated -W ignore:easy_install command is deprecated setup.py egg_info --egg-base ../../build/vacuum_odom build --build-base /home/reeve/Vacuum_Cleaner_nav/build/vacuum_odom/build install --record /home/reeve/Vacuum_Cleaner_nav/build/vacuum_odom/install.log --single-version-externally-managed install_data
[6.694s] running egg_info
[6.698s] creating ../../build/vacuum_odom/vacuum_odom.egg-info
[6.699s] writing ../../build/vacuum_odom/vacuum_odom.egg-info/PKG-INFO
[6.704s] writing dependency_links to ../../build/vacuum_odom/vacuum_odom.egg-info/dependency_links.txt
[6.705s] writing entry points to ../../build/vacuum_odom/vacuum_odom.egg-info/entry_points.txt
[6.705s] writing requirements to ../../build/vacuum_odom/vacuum_odom.egg-info/requires.txt
[6.706s] writing top-level names to ../../build/vacuum_odom/vacuum_odom.egg-info/top_level.txt
[6.706s] writing manifest file '../../build/vacuum_odom/vacuum_odom.egg-info/SOURCES.txt'
[6.716s] reading manifest file '../../build/vacuum_odom/vacuum_odom.egg-info/SOURCES.txt'
[6.718s] writing manifest file '../../build/vacuum_odom/vacuum_odom.egg-info/SOURCES.txt'
[6.721s] running build
[6.722s] running build_py
[6.723s] creating /home/reeve/Vacuum_Cleaner_nav/build/vacuum_odom/build
[6.724s] creating /home/reeve/Vacuum_Cleaner_nav/build/vacuum_odom/build/lib
[6.724s] creating /home/reeve/Vacuum_Cleaner_nav/build/vacuum_odom/build/lib/vacuum_odom
[6.725s] copying vacuum_odom/__init__.py -> /home/reeve/Vacuum_Cleaner_nav/build/vacuum_odom/build/lib/vacuum_odom
[6.725s] copying vacuum_odom/odom_publisher_node.py -> /home/reeve/Vacuum_Cleaner_nav/build/vacuum_odom/build/lib/vacuum_odom
[6.726s] running install
[6.726s] running install_lib
[6.728s] creating /home/reeve/Vacuum_Cleaner_nav/install/vacuum_odom/lib/python3.10/site-packages/vacuum_odom
[6.729s] copying /home/reeve/Vacuum_Cleaner_nav/build/vacuum_odom/build/lib/vacuum_odom/__init__.py -> /home/reeve/Vacuum_Cleaner_nav/install/vacuum_odom/lib/python3.10/site-packages/vacuum_odom
[6.729s] copying /home/reeve/Vacuum_Cleaner_nav/build/vacuum_odom/build/lib/vacuum_odom/odom_publisher_node.py -> /home/reeve/Vacuum_Cleaner_nav/install/vacuum_odom/lib/python3.10/site-packages/vacuum_odom
[6.732s] byte-compiling /home/reeve/Vacuum_Cleaner_nav/install/vacuum_odom/lib/python3.10/site-packages/vacuum_odom/__init__.py to __init__.cpython-310.pyc
[6.734s] byte-compiling /home/reeve/Vacuum_Cleaner_nav/install/vacuum_odom/lib/python3.10/site-packages/vacuum_odom/odom_publisher_node.py to odom_publisher_node.cpython-310.pyc
[6.746s] running install_data
[6.757s] creating /home/reeve/Vacuum_Cleaner_nav/install/vacuum_odom/share/ament_index
[6.757s] creating /home/reeve/Vacuum_Cleaner_nav/install/vacuum_odom/share/ament_index/resource_index
[6.758s] creating /home/reeve/Vacuum_Cleaner_nav/install/vacuum_odom/share/ament_index/resource_index/packages
[6.759s] copying resource/vacuum_odom -> /home/reeve/Vacuum_Cleaner_nav/install/vacuum_odom/share/ament_index/resource_index/packages
[6.759s] copying package.xml -> /home/reeve/Vacuum_Cleaner_nav/install/vacuum_odom/share/vacuum_odom
[6.760s] creating /home/reeve/Vacuum_Cleaner_nav/install/vacuum_odom/share/vacuum_odom/launch
[6.771s] copying launch/odom_publisher.launch.py -> /home/reeve/Vacuum_Cleaner_nav/install/vacuum_odom/share/vacuum_odom/launch
[6.772s] running install_egg_info
[6.773s] Copying ../../build/vacuum_odom/vacuum_odom.egg-info to /home/reeve/Vacuum_Cleaner_nav/install/vacuum_odom/lib/python3.10/site-packages/vacuum_odom-0.0.0-py3.10.egg-info
[6.773s] running install_scripts
[6.890s] Installing odom_publisher_node script to /home/reeve/Vacuum_Cleaner_nav/install/vacuum_odom/lib/vacuum_odom
[6.891s] writing list of installed files to '/home/reeve/Vacuum_Cleaner_nav/build/vacuum_odom/install.log'
[7.060s] Invoked command in '/home/reeve/Vacuum_Cleaner_nav/src/vacuum_odom' returned '0': PYTHONPATH=/home/reeve/Vacuum_Cleaner_nav/build/vacuum_odom/prefix_override:/usr/lib/python3/dist-packages/colcon_core/task/python/colcon_distutils_commands:/home/reeve/Vacuum_Cleaner_nav/install/vacuum_odom/lib/python3.10/site-packages:${PYTHONPATH} /usr/bin/python3 -W ignore:setup.py install is deprecated -W ignore:easy_install command is deprecated setup.py egg_info --egg-base ../../build/vacuum_odom build --build-base /home/reeve/Vacuum_Cleaner_nav/build/vacuum_odom/build install --record /home/reeve/Vacuum_Cleaner_nav/build/vacuum_odom/install.log --single-version-externally-managed install_data
