[4.422s] Invoking command in '/home/reeve/Vacuum_Cleaner_nav/src/vacuum_odom': PYTHONPATH=/home/reeve/Vacuum_Cleaner_nav/build/vacuum_odom/prefix_override:/usr/lib/python3/dist-packages/colcon_core/task/python/colcon_distutils_commands:/home/reeve/Vacuum_Cleaner_nav/install/vacuum_odom/lib/python3.10/site-packages:${PYTHONPATH} /usr/bin/python3 -W ignore:setup.py install is deprecated -W ignore:easy_install command is deprecated setup.py egg_info --egg-base ../../build/vacuum_odom build --build-base /home/reeve/Vacuum_Cleaner_nav/build/vacuum_odom/build install --record /home/reeve/Vacuum_Cleaner_nav/build/vacuum_odom/install.log --single-version-externally-managed install_data
[5.750s] running egg_info
[5.756s] writing ../../build/vacuum_odom/vacuum_odom.egg-info/PKG-INFO
[5.757s] writing dependency_links to ../../build/vacuum_odom/vacuum_odom.egg-info/dependency_links.txt
[5.759s] writing entry points to ../../build/vacuum_odom/vacuum_odom.egg-info/entry_points.txt
[5.762s] writing requirements to ../../build/vacuum_odom/vacuum_odom.egg-info/requires.txt
[5.763s] writing top-level names to ../../build/vacuum_odom/vacuum_odom.egg-info/top_level.txt
[5.770s] reading manifest file '../../build/vacuum_odom/vacuum_odom.egg-info/SOURCES.txt'
[5.774s] writing manifest file '../../build/vacuum_odom/vacuum_odom.egg-info/SOURCES.txt'
[5.776s] running build
[5.776s] running build_py
[5.778s] copying vacuum_odom/odom_publisher_node.py -> /home/reeve/Vacuum_Cleaner_nav/build/vacuum_odom/build/lib/vacuum_odom
[5.779s] running install
[5.780s] running install_lib
[5.784s] copying /home/reeve/Vacuum_Cleaner_nav/build/vacuum_odom/build/lib/vacuum_odom/odom_publisher_node.py -> /home/reeve/Vacuum_Cleaner_nav/install/vacuum_odom/lib/python3.10/site-packages/vacuum_odom
[5.787s] byte-compiling /home/reeve/Vacuum_Cleaner_nav/install/vacuum_odom/lib/python3.10/site-packages/vacuum_odom/odom_publisher_node.py to odom_publisher_node.cpython-310.pyc
[5.793s] running install_data
[5.794s] running install_egg_info
[5.806s] removing '/home/reeve/Vacuum_Cleaner_nav/install/vacuum_odom/lib/python3.10/site-packages/vacuum_odom-0.0.0-py3.10.egg-info' (and everything under it)
[5.808s] Copying ../../build/vacuum_odom/vacuum_odom.egg-info to /home/reeve/Vacuum_Cleaner_nav/install/vacuum_odom/lib/python3.10/site-packages/vacuum_odom-0.0.0-py3.10.egg-info
[5.817s] running install_scripts
[5.898s] Installing odom_publisher_node script to /home/reeve/Vacuum_Cleaner_nav/install/vacuum_odom/lib/vacuum_odom
[5.900s] writing list of installed files to '/home/reeve/Vacuum_Cleaner_nav/build/vacuum_odom/install.log'
[6.084s] Invoked command in '/home/reeve/Vacuum_Cleaner_nav/src/vacuum_odom' returned '0': PYTHONPATH=/home/reeve/Vacuum_Cleaner_nav/build/vacuum_odom/prefix_override:/usr/lib/python3/dist-packages/colcon_core/task/python/colcon_distutils_commands:/home/reeve/Vacuum_Cleaner_nav/install/vacuum_odom/lib/python3.10/site-packages:${PYTHONPATH} /usr/bin/python3 -W ignore:setup.py install is deprecated -W ignore:easy_install command is deprecated setup.py egg_info --egg-base ../../build/vacuum_odom build --build-base /home/reeve/Vacuum_Cleaner_nav/build/vacuum_odom/build install --record /home/reeve/Vacuum_Cleaner_nav/build/vacuum_odom/install.log --single-version-externally-managed install_data
