[0.109s] Invoking command in '/home/reeve/Vacuum_Cleaner_nav/build/ldlidar_sl_ros2': CMAKE_PREFIX_PATH=${CMAKE_PREFIX_PATH}:/home/reeve/Vacuum_Cleaner_nav/install/vacuum_slam:/home/reeve/Vacuum_Cleaner_nav/install/vacuum_odom:/opt/ros/humble /usr/bin/cmake --build /home/reeve/Vacuum_Cleaner_nav/build/ldlidar_sl_ros2 -- -j4 -l4
[1.400s] [35m[1mConsolidate compiler generated dependencies of target ldlidar_sl_ros2_node[0m
[1.405s] [100%] Built target ldlidar_sl_ros2_node
[2.608s] Invoked command in '/home/reeve/Vacuum_Cleaner_nav/build/ldlidar_sl_ros2' returned '0': CMAKE_PREFIX_PATH=${CMAKE_PREFIX_PATH}:/home/reeve/Vacuum_Cleaner_nav/install/vacuum_slam:/home/reeve/Vacuum_Cleaner_nav/install/vacuum_odom:/opt/ros/humble /usr/bin/cmake --build /home/reeve/Vacuum_Cleaner_nav/build/ldlidar_sl_ros2 -- -j4 -l4
[2.649s] Invoking command in '/home/reeve/Vacuum_Cleaner_nav/build/ldlidar_sl_ros2': CMAKE_PREFIX_PATH=${CMAKE_PREFIX_PATH}:/home/reeve/Vacuum_Cleaner_nav/install/vacuum_slam:/home/reeve/Vacuum_Cleaner_nav/install/vacuum_odom:/opt/ros/humble /usr/bin/cmake --install /home/reeve/Vacuum_Cleaner_nav/build/ldlidar_sl_ros2
[2.680s] -- Install configuration: ""
[2.681s] -- Up-to-date: /home/reeve/Vacuum_Cleaner_nav/install/ldlidar_sl_ros2/lib/ldlidar_sl_ros2/ldlidar_sl_ros2_node
[2.682s] -- Up-to-date: /home/reeve/Vacuum_Cleaner_nav/install/ldlidar_sl_ros2/share/ldlidar_sl_ros2//launch
[2.686s] -- Up-to-date: /home/reeve/Vacuum_Cleaner_nav/install/ldlidar_sl_ros2/share/ldlidar_sl_ros2//launch/ld14p.launch.py
[2.690s] -- Up-to-date: /home/reeve/Vacuum_Cleaner_nav/install/ldlidar_sl_ros2/share/ldlidar_sl_ros2//launch/ld14.launch.py
[2.694s] -- Up-to-date: /home/reeve/Vacuum_Cleaner_nav/install/ldlidar_sl_ros2/share/ldlidar_sl_ros2//launch/viewer_ld14.launch.py
[2.697s] -- Up-to-date: /home/reeve/Vacuum_Cleaner_nav/install/ldlidar_sl_ros2/share/ldlidar_sl_ros2//launch/viewer_ld14p.launch.py
[2.699s] -- Up-to-date: /home/reeve/Vacuum_Cleaner_nav/install/ldlidar_sl_ros2/share/ldlidar_sl_ros2//rviz2
[2.703s] -- Up-to-date: /home/reeve/Vacuum_Cleaner_nav/install/ldlidar_sl_ros2/share/ldlidar_sl_ros2//rviz2/ldlidar.rviz
[2.709s] -- Up-to-date: /home/reeve/Vacuum_Cleaner_nav/install/ldlidar_sl_ros2/share/ldlidar_sl_ros2//scripts
[2.710s] -- Up-to-date: /home/reeve/Vacuum_Cleaner_nav/install/ldlidar_sl_ros2/share/ldlidar_sl_ros2//scripts/ldlidar.rules
[2.710s] -- Up-to-date: /home/reeve/Vacuum_Cleaner_nav/install/ldlidar_sl_ros2/share/ldlidar_sl_ros2//scripts/create_udev_rules.sh
[2.711s] -- Up-to-date: /home/reeve/Vacuum_Cleaner_nav/install/ldlidar_sl_ros2/share/ldlidar_sl_ros2//scripts/delete_udev_rules.sh
[2.711s] -- Up-to-date: /home/reeve/Vacuum_Cleaner_nav/install/ldlidar_sl_ros2/share/ament_index/resource_index/package_run_dependencies/ldlidar_sl_ros2
[2.712s] -- Up-to-date: /home/reeve/Vacuum_Cleaner_nav/install/ldlidar_sl_ros2/share/ament_index/resource_index/parent_prefix_path/ldlidar_sl_ros2
[2.712s] -- Up-to-date: /home/reeve/Vacuum_Cleaner_nav/install/ldlidar_sl_ros2/share/ldlidar_sl_ros2/environment/ament_prefix_path.sh
[2.713s] -- Up-to-date: /home/reeve/Vacuum_Cleaner_nav/install/ldlidar_sl_ros2/share/ldlidar_sl_ros2/environment/ament_prefix_path.dsv
[2.713s] -- Up-to-date: /home/reeve/Vacuum_Cleaner_nav/install/ldlidar_sl_ros2/share/ldlidar_sl_ros2/environment/path.sh
[2.714s] -- Up-to-date: /home/reeve/Vacuum_Cleaner_nav/install/ldlidar_sl_ros2/share/ldlidar_sl_ros2/environment/path.dsv
[2.714s] -- Up-to-date: /home/reeve/Vacuum_Cleaner_nav/install/ldlidar_sl_ros2/share/ldlidar_sl_ros2/local_setup.bash
[2.715s] -- Up-to-date: /home/reeve/Vacuum_Cleaner_nav/install/ldlidar_sl_ros2/share/ldlidar_sl_ros2/local_setup.sh
[2.716s] -- Up-to-date: /home/reeve/Vacuum_Cleaner_nav/install/ldlidar_sl_ros2/share/ldlidar_sl_ros2/local_setup.zsh
[2.717s] -- Up-to-date: /home/reeve/Vacuum_Cleaner_nav/install/ldlidar_sl_ros2/share/ldlidar_sl_ros2/local_setup.dsv
[2.717s] -- Installing: /home/reeve/Vacuum_Cleaner_nav/install/ldlidar_sl_ros2/share/ldlidar_sl_ros2/package.dsv
[2.718s] -- Up-to-date: /home/reeve/Vacuum_Cleaner_nav/install/ldlidar_sl_ros2/share/ament_index/resource_index/packages/ldlidar_sl_ros2
[2.723s] -- Up-to-date: /home/reeve/Vacuum_Cleaner_nav/install/ldlidar_sl_ros2/share/ldlidar_sl_ros2/cmake/ldlidar_sl_ros2Config.cmake
[2.728s] -- Up-to-date: /home/reeve/Vacuum_Cleaner_nav/install/ldlidar_sl_ros2/share/ldlidar_sl_ros2/cmake/ldlidar_sl_ros2Config-version.cmake
[2.731s] -- Up-to-date: /home/reeve/Vacuum_Cleaner_nav/install/ldlidar_sl_ros2/share/ldlidar_sl_ros2/package.xml
[2.734s] Invoked command in '/home/reeve/Vacuum_Cleaner_nav/build/ldlidar_sl_ros2' returned '0': CMAKE_PREFIX_PATH=${CMAKE_PREFIX_PATH}:/home/reeve/Vacuum_Cleaner_nav/install/vacuum_slam:/home/reeve/Vacuum_Cleaner_nav/install/vacuum_odom:/opt/ros/humble /usr/bin/cmake --install /home/reeve/Vacuum_Cleaner_nav/build/ldlidar_sl_ros2
