[0.436s] DEBUG:colcon:Command line arguments: ['/usr/bin/colcon', 'build']
[0.437s] DEBUG:colcon:Parsed command line arguments: Namespace(log_base=None, log_level=None, verb_name='build', build_base='build', install_base='install', merge_install=False, symlink_install=False, test_result_base=None, continue_on_error=False, executor='parallel', parallel_workers=4, event_handlers=None, ignore_user_meta=False, metas=['./colcon.meta'], base_paths=['.'], packages_ignore=None, packages_ignore_regex=None, paths=None, packages_up_to=None, packages_up_to_regex=None, packages_above=None, packages_above_and_dependencies=None, packages_above_depth=None, packages_select_by_dep=None, packages_skip_by_dep=None, packages_skip_up_to=None, packages_select_build_failed=False, packages_skip_build_finished=False, packages_select_test_failures=False, packages_skip_test_passed=False, packages_select=None, packages_skip=None, packages_select_regex=None, packages_skip_regex=None, packages_start=None, packages_end=None, allow_overriding=[], cmake_args=None, cmake_target=None, cmake_target_skip_unavailable=False, cmake_clean_cache=False, cmake_clean_first=False, cmake_force_configure=False, ament_cmake_args=None, catkin_cmake_args=None, catkin_skip_building_tests=False, verb_parser=<colcon_defaults.argument_parser.defaults.DefaultArgumentsDecorator object at 0xffffb51774c0>, verb_extension=<colcon_core.verb.build.BuildVerb object at 0xffffb5368850>, main=<bound method BuildVerb.main of <colcon_core.verb.build.BuildVerb object at 0xffffb5368850>>)
[1.237s] Level 1:colcon.colcon_core.package_discovery:discover_packages(colcon_meta) check parameters
[1.237s] Level 1:colcon.colcon_core.package_discovery:discover_packages(recursive) check parameters
[1.238s] Level 1:colcon.colcon_core.package_discovery:discover_packages(ignore) check parameters
[1.238s] Level 1:colcon.colcon_core.package_discovery:discover_packages(path) check parameters
[1.238s] Level 1:colcon.colcon_core.package_discovery:discover_packages(colcon_meta) discover
[1.238s] Level 1:colcon.colcon_core.package_discovery:discover_packages(recursive) discover
[1.238s] INFO:colcon.colcon_core.package_discovery:Crawling recursively for packages in '/home/reeve/Vacuum_Cleaner_nav'
[1.239s] Level 1:colcon.colcon_core.package_identification:_identify(.) by extensions ['ignore', 'ignore_ament_install']
[1.239s] Level 1:colcon.colcon_core.package_identification:_identify(.) by extension 'ignore'
[1.240s] Level 1:colcon.colcon_core.package_identification:_identify(.) by extension 'ignore_ament_install'
[1.240s] Level 1:colcon.colcon_core.package_identification:_identify(.) by extensions ['colcon_pkg']
[1.240s] Level 1:colcon.colcon_core.package_identification:_identify(.) by extension 'colcon_pkg'
[1.240s] Level 1:colcon.colcon_core.package_identification:_identify(.) by extensions ['colcon_meta']
[1.240s] Level 1:colcon.colcon_core.package_identification:_identify(.) by extension 'colcon_meta'
[1.241s] Level 1:colcon.colcon_core.package_identification:_identify(.) by extensions ['ros']
[1.241s] Level 1:colcon.colcon_core.package_identification:_identify(.) by extension 'ros'
[1.287s] Level 1:colcon.colcon_core.package_identification:_identify(.) by extensions ['cmake', 'python']
[1.287s] Level 1:colcon.colcon_core.package_identification:_identify(.) by extension 'cmake'
[1.288s] Level 1:colcon.colcon_core.package_identification:_identify(.) by extension 'python'
[1.288s] Level 1:colcon.colcon_core.package_identification:_identify(.) by extensions ['python_setup_py']
[1.288s] Level 1:colcon.colcon_core.package_identification:_identify(.) by extension 'python_setup_py'
[1.288s] Level 1:colcon.colcon_core.package_identification:_identify(build) by extensions ['ignore', 'ignore_ament_install']
[1.289s] Level 1:colcon.colcon_core.package_identification:_identify(build) by extension 'ignore'
[1.289s] Level 1:colcon.colcon_core.package_identification:_identify(build) ignored
[1.290s] Level 1:colcon.colcon_core.package_identification:_identify(install) by extensions ['ignore', 'ignore_ament_install']
[1.290s] Level 1:colcon.colcon_core.package_identification:_identify(install) by extension 'ignore'
[1.290s] Level 1:colcon.colcon_core.package_identification:_identify(install) ignored
[1.291s] Level 1:colcon.colcon_core.package_identification:_identify(log) by extensions ['ignore', 'ignore_ament_install']
[1.291s] Level 1:colcon.colcon_core.package_identification:_identify(log) by extension 'ignore'
[1.291s] Level 1:colcon.colcon_core.package_identification:_identify(log) ignored
[1.292s] Level 1:colcon.colcon_core.package_identification:_identify(src) by extensions ['ignore', 'ignore_ament_install']
[1.292s] Level 1:colcon.colcon_core.package_identification:_identify(src) by extension 'ignore'
[1.292s] Level 1:colcon.colcon_core.package_identification:_identify(src) by extension 'ignore_ament_install'
[1.293s] Level 1:colcon.colcon_core.package_identification:_identify(src) by extensions ['colcon_pkg']
[1.293s] Level 1:colcon.colcon_core.package_identification:_identify(src) by extension 'colcon_pkg'
[1.293s] Level 1:colcon.colcon_core.package_identification:_identify(src) by extensions ['colcon_meta']
[1.293s] Level 1:colcon.colcon_core.package_identification:_identify(src) by extension 'colcon_meta'
[1.293s] Level 1:colcon.colcon_core.package_identification:_identify(src) by extensions ['ros']
[1.294s] Level 1:colcon.colcon_core.package_identification:_identify(src) by extension 'ros'
[1.294s] Level 1:colcon.colcon_core.package_identification:_identify(src) by extensions ['cmake', 'python']
[1.294s] Level 1:colcon.colcon_core.package_identification:_identify(src) by extension 'cmake'
[1.294s] Level 1:colcon.colcon_core.package_identification:_identify(src) by extension 'python'
[1.294s] Level 1:colcon.colcon_core.package_identification:_identify(src) by extensions ['python_setup_py']
[1.294s] Level 1:colcon.colcon_core.package_identification:_identify(src) by extension 'python_setup_py'
[1.295s] Level 1:colcon.colcon_core.package_identification:_identify(src/ldlidar_sl_ros2) by extensions ['ignore', 'ignore_ament_install']
[1.295s] Level 1:colcon.colcon_core.package_identification:_identify(src/ldlidar_sl_ros2) by extension 'ignore'
[1.296s] Level 1:colcon.colcon_core.package_identification:_identify(src/ldlidar_sl_ros2) by extension 'ignore_ament_install'
[1.296s] Level 1:colcon.colcon_core.package_identification:_identify(src/ldlidar_sl_ros2) by extensions ['colcon_pkg']
[1.296s] Level 1:colcon.colcon_core.package_identification:_identify(src/ldlidar_sl_ros2) by extension 'colcon_pkg'
[1.296s] Level 1:colcon.colcon_core.package_identification:_identify(src/ldlidar_sl_ros2) by extensions ['colcon_meta']
[1.296s] Level 1:colcon.colcon_core.package_identification:_identify(src/ldlidar_sl_ros2) by extension 'colcon_meta'
[1.297s] Level 1:colcon.colcon_core.package_identification:_identify(src/ldlidar_sl_ros2) by extensions ['ros']
[1.297s] Level 1:colcon.colcon_core.package_identification:_identify(src/ldlidar_sl_ros2) by extension 'ros'
[1.306s] DEBUG:colcon.colcon_core.package_identification:Package 'src/ldlidar_sl_ros2' with type 'ros.ament_cmake' and name 'ldlidar_sl_ros2'
[1.307s] Level 1:colcon.colcon_core.package_identification:_identify(src/vacuum_odom) by extensions ['ignore', 'ignore_ament_install']
[1.307s] Level 1:colcon.colcon_core.package_identification:_identify(src/vacuum_odom) by extension 'ignore'
[1.307s] Level 1:colcon.colcon_core.package_identification:_identify(src/vacuum_odom) by extension 'ignore_ament_install'
[1.307s] Level 1:colcon.colcon_core.package_identification:_identify(src/vacuum_odom) by extensions ['colcon_pkg']
[1.308s] Level 1:colcon.colcon_core.package_identification:_identify(src/vacuum_odom) by extension 'colcon_pkg'
[1.308s] Level 1:colcon.colcon_core.package_identification:_identify(src/vacuum_odom) by extensions ['colcon_meta']
[1.308s] Level 1:colcon.colcon_core.package_identification:_identify(src/vacuum_odom) by extension 'colcon_meta'
[1.308s] Level 1:colcon.colcon_core.package_identification:_identify(src/vacuum_odom) by extensions ['ros']
[1.308s] Level 1:colcon.colcon_core.package_identification:_identify(src/vacuum_odom) by extension 'ros'
[1.312s] DEBUG:colcon.colcon_core.package_identification:Package 'src/vacuum_odom' with type 'ros.ament_python' and name 'vacuum_odom'
[1.313s] Level 1:colcon.colcon_core.package_identification:_identify(src/vacuum_slam) by extensions ['ignore', 'ignore_ament_install']
[1.313s] Level 1:colcon.colcon_core.package_identification:_identify(src/vacuum_slam) by extension 'ignore'
[1.314s] Level 1:colcon.colcon_core.package_identification:_identify(src/vacuum_slam) by extension 'ignore_ament_install'
[1.314s] Level 1:colcon.colcon_core.package_identification:_identify(src/vacuum_slam) by extensions ['colcon_pkg']
[1.314s] Level 1:colcon.colcon_core.package_identification:_identify(src/vacuum_slam) by extension 'colcon_pkg'
[1.314s] Level 1:colcon.colcon_core.package_identification:_identify(src/vacuum_slam) by extensions ['colcon_meta']
[1.315s] Level 1:colcon.colcon_core.package_identification:_identify(src/vacuum_slam) by extension 'colcon_meta'
[1.315s] Level 1:colcon.colcon_core.package_identification:_identify(src/vacuum_slam) by extensions ['ros']
[1.315s] Level 1:colcon.colcon_core.package_identification:_identify(src/vacuum_slam) by extension 'ros'
[1.318s] DEBUG:colcon.colcon_core.package_identification:Package 'src/vacuum_slam' with type 'ros.ament_python' and name 'vacuum_slam'
[1.318s] Level 1:colcon.colcon_core.package_discovery:discover_packages(recursive) using defaults
[1.319s] Level 1:colcon.colcon_core.package_discovery:discover_packages(ignore) discover
[1.319s] Level 1:colcon.colcon_core.package_discovery:discover_packages(ignore) using defaults
[1.319s] Level 1:colcon.colcon_core.package_discovery:discover_packages(path) discover
[1.319s] Level 1:colcon.colcon_core.package_discovery:discover_packages(path) using defaults
[1.440s] Level 1:colcon.colcon_core.package_discovery:discover_packages(prefix_path) check parameters
[1.440s] Level 1:colcon.colcon_core.package_discovery:discover_packages(prefix_path) discover
[1.444s] WARNING:colcon.colcon_core.prefix_path.colcon:The path '/home/reeve/Vacuum_Cleaner_nav/src/ldlidar_sl_ros2/install' in the environment variable COLCON_PREFIX_PATH doesn't exist
[1.445s] WARNING:colcon.colcon_ros.prefix_path.ament:The path '/home/reeve/Vacuum_Cleaner_nav/src/ldlidar_sl_ros2/install/ldlidar_sl_ros2' in the environment variable AMENT_PREFIX_PATH doesn't exist
[1.446s] WARNING:colcon.colcon_ros.prefix_path.catkin:The path '/home/reeve/Vacuum_Cleaner_nav/src/ldlidar_sl_ros2/install/ldlidar_sl_ros2' in the environment variable CMAKE_PREFIX_PATH doesn't exist
[1.451s] DEBUG:colcon.colcon_installed_package_information.package_discovery:Found 3 installed packages in /home/reeve/Vacuum_Cleaner_nav/install
[1.460s] DEBUG:colcon.colcon_installed_package_information.package_discovery:Found 276 installed packages in /opt/ros/humble
[1.467s] Level 1:colcon.colcon_core.package_discovery:discover_packages(prefix_path) using defaults
[1.637s] Level 5:colcon.colcon_core.verb:set package 'ldlidar_sl_ros2' build argument 'cmake_args' from command line to 'None'
[1.637s] Level 5:colcon.colcon_core.verb:set package 'ldlidar_sl_ros2' build argument 'cmake_target' from command line to 'None'
[1.638s] Level 5:colcon.colcon_core.verb:set package 'ldlidar_sl_ros2' build argument 'cmake_target_skip_unavailable' from command line to 'False'
[1.638s] Level 5:colcon.colcon_core.verb:set package 'ldlidar_sl_ros2' build argument 'cmake_clean_cache' from command line to 'False'
[1.638s] Level 5:colcon.colcon_core.verb:set package 'ldlidar_sl_ros2' build argument 'cmake_clean_first' from command line to 'False'
[1.638s] Level 5:colcon.colcon_core.verb:set package 'ldlidar_sl_ros2' build argument 'cmake_force_configure' from command line to 'False'
[1.638s] Level 5:colcon.colcon_core.verb:set package 'ldlidar_sl_ros2' build argument 'ament_cmake_args' from command line to 'None'
[1.638s] Level 5:colcon.colcon_core.verb:set package 'ldlidar_sl_ros2' build argument 'catkin_cmake_args' from command line to 'None'
[1.638s] Level 5:colcon.colcon_core.verb:set package 'ldlidar_sl_ros2' build argument 'catkin_skip_building_tests' from command line to 'False'
[1.638s] DEBUG:colcon.colcon_core.verb:Building package 'ldlidar_sl_ros2' with the following arguments: {'ament_cmake_args': None, 'build_base': '/home/reeve/Vacuum_Cleaner_nav/build/ldlidar_sl_ros2', 'catkin_cmake_args': None, 'catkin_skip_building_tests': False, 'cmake_args': None, 'cmake_clean_cache': False, 'cmake_clean_first': False, 'cmake_force_configure': False, 'cmake_target': None, 'cmake_target_skip_unavailable': False, 'install_base': '/home/reeve/Vacuum_Cleaner_nav/install/ldlidar_sl_ros2', 'merge_install': False, 'path': '/home/reeve/Vacuum_Cleaner_nav/src/ldlidar_sl_ros2', 'symlink_install': False, 'test_result_base': None}
[1.640s] Level 5:colcon.colcon_core.verb:set package 'vacuum_odom' build argument 'cmake_args' from command line to 'None'
[1.640s] Level 5:colcon.colcon_core.verb:set package 'vacuum_odom' build argument 'cmake_target' from command line to 'None'
[1.640s] Level 5:colcon.colcon_core.verb:set package 'vacuum_odom' build argument 'cmake_target_skip_unavailable' from command line to 'False'
[1.640s] Level 5:colcon.colcon_core.verb:set package 'vacuum_odom' build argument 'cmake_clean_cache' from command line to 'False'
[1.640s] Level 5:colcon.colcon_core.verb:set package 'vacuum_odom' build argument 'cmake_clean_first' from command line to 'False'
[1.641s] Level 5:colcon.colcon_core.verb:set package 'vacuum_odom' build argument 'cmake_force_configure' from command line to 'False'
[1.641s] Level 5:colcon.colcon_core.verb:set package 'vacuum_odom' build argument 'ament_cmake_args' from command line to 'None'
[1.641s] Level 5:colcon.colcon_core.verb:set package 'vacuum_odom' build argument 'catkin_cmake_args' from command line to 'None'
[1.641s] Level 5:colcon.colcon_core.verb:set package 'vacuum_odom' build argument 'catkin_skip_building_tests' from command line to 'False'
[1.641s] DEBUG:colcon.colcon_core.verb:Building package 'vacuum_odom' with the following arguments: {'ament_cmake_args': None, 'build_base': '/home/reeve/Vacuum_Cleaner_nav/build/vacuum_odom', 'catkin_cmake_args': None, 'catkin_skip_building_tests': False, 'cmake_args': None, 'cmake_clean_cache': False, 'cmake_clean_first': False, 'cmake_force_configure': False, 'cmake_target': None, 'cmake_target_skip_unavailable': False, 'install_base': '/home/reeve/Vacuum_Cleaner_nav/install/vacuum_odom', 'merge_install': False, 'path': '/home/reeve/Vacuum_Cleaner_nav/src/vacuum_odom', 'symlink_install': False, 'test_result_base': None}
[1.643s] Level 5:colcon.colcon_core.verb:set package 'vacuum_slam' build argument 'cmake_args' from command line to 'None'
[1.643s] Level 5:colcon.colcon_core.verb:set package 'vacuum_slam' build argument 'cmake_target' from command line to 'None'
[1.643s] Level 5:colcon.colcon_core.verb:set package 'vacuum_slam' build argument 'cmake_target_skip_unavailable' from command line to 'False'
[1.643s] Level 5:colcon.colcon_core.verb:set package 'vacuum_slam' build argument 'cmake_clean_cache' from command line to 'False'
[1.643s] Level 5:colcon.colcon_core.verb:set package 'vacuum_slam' build argument 'cmake_clean_first' from command line to 'False'
[1.643s] Level 5:colcon.colcon_core.verb:set package 'vacuum_slam' build argument 'cmake_force_configure' from command line to 'False'
[1.643s] Level 5:colcon.colcon_core.verb:set package 'vacuum_slam' build argument 'ament_cmake_args' from command line to 'None'
[1.643s] Level 5:colcon.colcon_core.verb:set package 'vacuum_slam' build argument 'catkin_cmake_args' from command line to 'None'
[1.644s] Level 5:colcon.colcon_core.verb:set package 'vacuum_slam' build argument 'catkin_skip_building_tests' from command line to 'False'
[1.644s] DEBUG:colcon.colcon_core.verb:Building package 'vacuum_slam' with the following arguments: {'ament_cmake_args': None, 'build_base': '/home/reeve/Vacuum_Cleaner_nav/build/vacuum_slam', 'catkin_cmake_args': None, 'catkin_skip_building_tests': False, 'cmake_args': None, 'cmake_clean_cache': False, 'cmake_clean_first': False, 'cmake_force_configure': False, 'cmake_target': None, 'cmake_target_skip_unavailable': False, 'install_base': '/home/reeve/Vacuum_Cleaner_nav/install/vacuum_slam', 'merge_install': False, 'path': '/home/reeve/Vacuum_Cleaner_nav/src/vacuum_slam', 'symlink_install': False, 'test_result_base': None}
[1.644s] INFO:colcon.colcon_core.executor:Executing jobs using 'parallel' executor
[1.648s] DEBUG:colcon.colcon_parallel_executor.executor.parallel:run_until_complete
[1.649s] INFO:colcon.colcon_ros.task.ament_cmake.build:Building ROS package in '/home/reeve/Vacuum_Cleaner_nav/src/ldlidar_sl_ros2' with build type 'ament_cmake'
[1.649s] INFO:colcon.colcon_cmake.task.cmake.build:Building CMake package in '/home/reeve/Vacuum_Cleaner_nav/src/ldlidar_sl_ros2'
[1.659s] INFO:colcon.colcon_core.plugin_system:Skipping extension 'colcon_core.shell.bat': Not used on non-Windows systems
[1.660s] INFO:colcon.colcon_core.shell:Skip shell extension 'powershell' for command environment: Not usable outside of PowerShell
[1.660s] DEBUG:colcon.colcon_core.shell:Skip shell extension 'dsv' for command environment
[1.679s] INFO:colcon.colcon_ros.task.ament_python.build:Building ROS package in '/home/reeve/Vacuum_Cleaner_nav/src/vacuum_odom' with build type 'ament_python'
[1.679s] Level 1:colcon.colcon_core.shell:create_environment_hook('vacuum_odom', 'ament_prefix_path')
[1.681s] INFO:colcon.colcon_core.shell:Creating environment hook '/home/reeve/Vacuum_Cleaner_nav/install/vacuum_odom/share/vacuum_odom/hook/ament_prefix_path.ps1'
[1.684s] INFO:colcon.colcon_core.shell:Creating environment descriptor '/home/reeve/Vacuum_Cleaner_nav/install/vacuum_odom/share/vacuum_odom/hook/ament_prefix_path.dsv'
[1.687s] INFO:colcon.colcon_core.shell:Creating environment hook '/home/reeve/Vacuum_Cleaner_nav/install/vacuum_odom/share/vacuum_odom/hook/ament_prefix_path.sh'
[1.691s] INFO:colcon.colcon_core.shell:Skip shell extension 'powershell' for command environment: Not usable outside of PowerShell
[1.692s] DEBUG:colcon.colcon_core.shell:Skip shell extension 'dsv' for command environment
[1.710s] INFO:colcon.colcon_ros.task.ament_python.build:Building ROS package in '/home/reeve/Vacuum_Cleaner_nav/src/vacuum_slam' with build type 'ament_python'
[1.711s] Level 1:colcon.colcon_core.shell:create_environment_hook('vacuum_slam', 'ament_prefix_path')
[1.713s] INFO:colcon.colcon_core.shell:Creating environment hook '/home/reeve/Vacuum_Cleaner_nav/install/vacuum_slam/share/vacuum_slam/hook/ament_prefix_path.ps1'
[1.715s] INFO:colcon.colcon_core.shell:Creating environment descriptor '/home/reeve/Vacuum_Cleaner_nav/install/vacuum_slam/share/vacuum_slam/hook/ament_prefix_path.dsv'
[1.718s] INFO:colcon.colcon_core.shell:Creating environment hook '/home/reeve/Vacuum_Cleaner_nav/install/vacuum_slam/share/vacuum_slam/hook/ament_prefix_path.sh'
[1.721s] INFO:colcon.colcon_core.shell:Skip shell extension 'powershell' for command environment: Not usable outside of PowerShell
[1.721s] DEBUG:colcon.colcon_core.shell:Skip shell extension 'dsv' for command environment
[1.760s] DEBUG:colcon.colcon_core.event_handler.log_command:Invoking command in '/home/reeve/Vacuum_Cleaner_nav/build/ldlidar_sl_ros2': CMAKE_PREFIX_PATH=${CMAKE_PREFIX_PATH}:/home/reeve/Vacuum_Cleaner_nav/install/vacuum_slam:/home/reeve/Vacuum_Cleaner_nav/install/vacuum_odom:/opt/ros/humble /usr/bin/cmake --build /home/reeve/Vacuum_Cleaner_nav/build/ldlidar_sl_ros2 -- -j4 -l4
[3.021s] INFO:colcon.colcon_core.task.python.build:Building Python package in '/home/reeve/Vacuum_Cleaner_nav/src/vacuum_odom'
[3.022s] INFO:colcon.colcon_core.shell:Skip shell extension 'powershell' for command environment: Not usable outside of PowerShell
[3.022s] DEBUG:colcon.colcon_core.shell:Skip shell extension 'dsv' for command environment
[3.052s] DEBUG:colcon.colcon_core.event_handler.log_command:Invoked command in '/home/reeve/Vacuum_Cleaner_nav/build/ldlidar_sl_ros2' returned '0': CMAKE_PREFIX_PATH=${CMAKE_PREFIX_PATH}:/home/reeve/Vacuum_Cleaner_nav/install/vacuum_slam:/home/reeve/Vacuum_Cleaner_nav/install/vacuum_odom:/opt/ros/humble /usr/bin/cmake --build /home/reeve/Vacuum_Cleaner_nav/build/ldlidar_sl_ros2 -- -j4 -l4
[3.094s] DEBUG:colcon.colcon_core.event_handler.log_command:Invoking command in '/home/reeve/Vacuum_Cleaner_nav/build/ldlidar_sl_ros2': CMAKE_PREFIX_PATH=${CMAKE_PREFIX_PATH}:/home/reeve/Vacuum_Cleaner_nav/install/vacuum_slam:/home/reeve/Vacuum_Cleaner_nav/install/vacuum_odom:/opt/ros/humble /usr/bin/cmake --install /home/reeve/Vacuum_Cleaner_nav/build/ldlidar_sl_ros2
[4.343s] INFO:colcon.colcon_core.task.python.build:Building Python package in '/home/reeve/Vacuum_Cleaner_nav/src/vacuum_slam'
[4.344s] INFO:colcon.colcon_core.shell:Skip shell extension 'powershell' for command environment: Not usable outside of PowerShell
[4.344s] DEBUG:colcon.colcon_core.shell:Skip shell extension 'dsv' for command environment
[4.389s] Level 1:colcon.colcon_core.environment:create_environment_scripts_only(ldlidar_sl_ros2)
[4.415s] DEBUG:colcon.colcon_core.event_handler.log_command:Invoked command in '/home/reeve/Vacuum_Cleaner_nav/build/ldlidar_sl_ros2' returned '0': CMAKE_PREFIX_PATH=${CMAKE_PREFIX_PATH}:/home/reeve/Vacuum_Cleaner_nav/install/vacuum_slam:/home/reeve/Vacuum_Cleaner_nav/install/vacuum_odom:/opt/ros/humble /usr/bin/cmake --install /home/reeve/Vacuum_Cleaner_nav/build/ldlidar_sl_ros2
[4.418s] Level 1:colcon.colcon_core.environment:checking '/home/reeve/Vacuum_Cleaner_nav/install/ldlidar_sl_ros2' for CMake module files
[4.421s] Level 1:colcon.colcon_core.environment:checking '/home/reeve/Vacuum_Cleaner_nav/install/ldlidar_sl_ros2' for CMake config files
[4.424s] Level 1:colcon.colcon_core.shell:create_environment_hook('ldlidar_sl_ros2', 'cmake_prefix_path')
[4.425s] INFO:colcon.colcon_core.shell:Creating environment hook '/home/reeve/Vacuum_Cleaner_nav/install/ldlidar_sl_ros2/share/ldlidar_sl_ros2/hook/cmake_prefix_path.ps1'
[4.428s] INFO:colcon.colcon_core.shell:Creating environment descriptor '/home/reeve/Vacuum_Cleaner_nav/install/ldlidar_sl_ros2/share/ldlidar_sl_ros2/hook/cmake_prefix_path.dsv'
[4.431s] INFO:colcon.colcon_core.shell:Creating environment hook '/home/reeve/Vacuum_Cleaner_nav/install/ldlidar_sl_ros2/share/ldlidar_sl_ros2/hook/cmake_prefix_path.sh'
[4.436s] Level 1:colcon.colcon_core.environment:checking '/home/reeve/Vacuum_Cleaner_nav/install/ldlidar_sl_ros2/lib'
[4.437s] Level 1:colcon.colcon_core.environment:checking '/home/reeve/Vacuum_Cleaner_nav/install/ldlidar_sl_ros2/bin'
[4.438s] Level 1:colcon.colcon_core.environment:checking '/home/reeve/Vacuum_Cleaner_nav/install/ldlidar_sl_ros2/lib/pkgconfig/ldlidar_sl_ros2.pc'
[4.439s] Level 1:colcon.colcon_core.environment:checking '/home/reeve/Vacuum_Cleaner_nav/install/ldlidar_sl_ros2/lib/python3.10/site-packages'
[4.440s] Level 1:colcon.colcon_core.environment:checking '/home/reeve/Vacuum_Cleaner_nav/install/ldlidar_sl_ros2/bin'
[4.442s] INFO:colcon.colcon_core.shell:Creating package script '/home/reeve/Vacuum_Cleaner_nav/install/ldlidar_sl_ros2/share/ldlidar_sl_ros2/package.ps1'
[4.447s] INFO:colcon.colcon_core.shell:Creating package descriptor '/home/reeve/Vacuum_Cleaner_nav/install/ldlidar_sl_ros2/share/ldlidar_sl_ros2/package.dsv'
[4.450s] INFO:colcon.colcon_core.shell:Creating package script '/home/reeve/Vacuum_Cleaner_nav/install/ldlidar_sl_ros2/share/ldlidar_sl_ros2/package.sh'
[4.454s] INFO:colcon.colcon_core.shell:Creating package script '/home/reeve/Vacuum_Cleaner_nav/install/ldlidar_sl_ros2/share/ldlidar_sl_ros2/package.bash'
[4.458s] INFO:colcon.colcon_core.shell:Creating package script '/home/reeve/Vacuum_Cleaner_nav/install/ldlidar_sl_ros2/share/ldlidar_sl_ros2/package.zsh'
[4.461s] Level 1:colcon.colcon_core.environment:create_file_with_runtime_dependencies(/home/reeve/Vacuum_Cleaner_nav/install/ldlidar_sl_ros2/share/colcon-core/packages/ldlidar_sl_ros2)
[4.465s] Level 1:colcon.colcon_core.environment:create_environment_scripts_only(ldlidar_sl_ros2)
[4.466s] Level 1:colcon.colcon_core.environment:checking '/home/reeve/Vacuum_Cleaner_nav/install/ldlidar_sl_ros2' for CMake module files
[4.469s] Level 1:colcon.colcon_core.environment:checking '/home/reeve/Vacuum_Cleaner_nav/install/ldlidar_sl_ros2' for CMake config files
[4.472s] Level 1:colcon.colcon_core.shell:create_environment_hook('ldlidar_sl_ros2', 'cmake_prefix_path')
[4.473s] INFO:colcon.colcon_core.shell:Creating environment hook '/home/reeve/Vacuum_Cleaner_nav/install/ldlidar_sl_ros2/share/ldlidar_sl_ros2/hook/cmake_prefix_path.ps1'
[4.475s] INFO:colcon.colcon_core.shell:Creating environment descriptor '/home/reeve/Vacuum_Cleaner_nav/install/ldlidar_sl_ros2/share/ldlidar_sl_ros2/hook/cmake_prefix_path.dsv'
[4.478s] INFO:colcon.colcon_core.shell:Creating environment hook '/home/reeve/Vacuum_Cleaner_nav/install/ldlidar_sl_ros2/share/ldlidar_sl_ros2/hook/cmake_prefix_path.sh'
[4.482s] Level 1:colcon.colcon_core.environment:checking '/home/reeve/Vacuum_Cleaner_nav/install/ldlidar_sl_ros2/lib'
[4.482s] Level 1:colcon.colcon_core.environment:checking '/home/reeve/Vacuum_Cleaner_nav/install/ldlidar_sl_ros2/bin'
[4.483s] Level 1:colcon.colcon_core.environment:checking '/home/reeve/Vacuum_Cleaner_nav/install/ldlidar_sl_ros2/lib/pkgconfig/ldlidar_sl_ros2.pc'
[4.484s] Level 1:colcon.colcon_core.environment:checking '/home/reeve/Vacuum_Cleaner_nav/install/ldlidar_sl_ros2/lib/python3.10/site-packages'
[4.485s] Level 1:colcon.colcon_core.environment:checking '/home/reeve/Vacuum_Cleaner_nav/install/ldlidar_sl_ros2/bin'
[4.486s] INFO:colcon.colcon_core.shell:Creating package script '/home/reeve/Vacuum_Cleaner_nav/install/ldlidar_sl_ros2/share/ldlidar_sl_ros2/package.ps1'
[4.489s] INFO:colcon.colcon_core.shell:Creating package descriptor '/home/reeve/Vacuum_Cleaner_nav/install/ldlidar_sl_ros2/share/ldlidar_sl_ros2/package.dsv'
[4.492s] INFO:colcon.colcon_core.shell:Creating package script '/home/reeve/Vacuum_Cleaner_nav/install/ldlidar_sl_ros2/share/ldlidar_sl_ros2/package.sh'
[4.494s] INFO:colcon.colcon_core.shell:Creating package script '/home/reeve/Vacuum_Cleaner_nav/install/ldlidar_sl_ros2/share/ldlidar_sl_ros2/package.bash'
[4.497s] INFO:colcon.colcon_core.shell:Creating package script '/home/reeve/Vacuum_Cleaner_nav/install/ldlidar_sl_ros2/share/ldlidar_sl_ros2/package.zsh'
[4.500s] Level 1:colcon.colcon_core.environment:create_file_with_runtime_dependencies(/home/reeve/Vacuum_Cleaner_nav/install/ldlidar_sl_ros2/share/colcon-core/packages/ldlidar_sl_ros2)
[6.103s] DEBUG:colcon.colcon_core.event_handler.log_command:Invoking command in '/home/reeve/Vacuum_Cleaner_nav/src/vacuum_odom': PYTHONPATH=/home/reeve/Vacuum_Cleaner_nav/build/vacuum_odom/prefix_override:/usr/lib/python3/dist-packages/colcon_core/task/python/colcon_distutils_commands:/home/reeve/Vacuum_Cleaner_nav/install/vacuum_odom/lib/python3.10/site-packages:${PYTHONPATH} /usr/bin/python3 -W ignore:setup.py install is deprecated -W ignore:easy_install command is deprecated setup.py egg_info --egg-base ../../build/vacuum_odom build --build-base /home/reeve/Vacuum_Cleaner_nav/build/vacuum_odom/build install --record /home/reeve/Vacuum_Cleaner_nav/build/vacuum_odom/install.log --single-version-externally-managed install_data
[6.347s] DEBUG:colcon.colcon_core.event_handler.log_command:Invoking command in '/home/reeve/Vacuum_Cleaner_nav/src/vacuum_slam': PYTHONPATH=/home/reeve/Vacuum_Cleaner_nav/build/vacuum_slam/prefix_override:/usr/lib/python3/dist-packages/colcon_core/task/python/colcon_distutils_commands:/home/reeve/Vacuum_Cleaner_nav/install/vacuum_slam/lib/python3.10/site-packages:${PYTHONPATH} /usr/bin/python3 -W ignore:setup.py install is deprecated -W ignore:easy_install command is deprecated setup.py egg_info --egg-base ../../build/vacuum_slam build --build-base /home/reeve/Vacuum_Cleaner_nav/build/vacuum_slam/build install --record /home/reeve/Vacuum_Cleaner_nav/build/vacuum_slam/install.log --single-version-externally-managed install_data
[7.745s] Level 1:colcon.colcon_core.environment:checking '/home/reeve/Vacuum_Cleaner_nav/install/vacuum_odom' for CMake module files
[7.748s] Level 1:colcon.colcon_core.environment:checking '/home/reeve/Vacuum_Cleaner_nav/install/vacuum_odom' for CMake config files
[7.754s] Level 1:colcon.colcon_core.environment:checking '/home/reeve/Vacuum_Cleaner_nav/install/vacuum_odom/lib'
[7.755s] Level 1:colcon.colcon_core.environment:checking '/home/reeve/Vacuum_Cleaner_nav/install/vacuum_odom/bin'
[7.756s] Level 1:colcon.colcon_core.environment:checking '/home/reeve/Vacuum_Cleaner_nav/install/vacuum_odom/lib/pkgconfig/vacuum_odom.pc'
[7.757s] Level 1:colcon.colcon_core.environment:checking '/home/reeve/Vacuum_Cleaner_nav/install/vacuum_odom/lib/python3.10/site-packages'
[7.758s] Level 1:colcon.colcon_core.shell:create_environment_hook('vacuum_odom', 'pythonpath')
[7.759s] INFO:colcon.colcon_core.shell:Creating environment hook '/home/reeve/Vacuum_Cleaner_nav/install/vacuum_odom/share/vacuum_odom/hook/pythonpath.ps1'
[7.765s] DEBUG:colcon.colcon_core.event_handler.log_command:Invoked command in '/home/reeve/Vacuum_Cleaner_nav/src/vacuum_odom' returned '0': PYTHONPATH=/home/reeve/Vacuum_Cleaner_nav/build/vacuum_odom/prefix_override:/usr/lib/python3/dist-packages/colcon_core/task/python/colcon_distutils_commands:/home/reeve/Vacuum_Cleaner_nav/install/vacuum_odom/lib/python3.10/site-packages:${PYTHONPATH} /usr/bin/python3 -W ignore:setup.py install is deprecated -W ignore:easy_install command is deprecated setup.py egg_info --egg-base ../../build/vacuum_odom build --build-base /home/reeve/Vacuum_Cleaner_nav/build/vacuum_odom/build install --record /home/reeve/Vacuum_Cleaner_nav/build/vacuum_odom/install.log --single-version-externally-managed install_data
[7.765s] INFO:colcon.colcon_core.shell:Creating environment descriptor '/home/reeve/Vacuum_Cleaner_nav/install/vacuum_odom/share/vacuum_odom/hook/pythonpath.dsv'
[7.768s] INFO:colcon.colcon_core.shell:Creating environment hook '/home/reeve/Vacuum_Cleaner_nav/install/vacuum_odom/share/vacuum_odom/hook/pythonpath.sh'
[7.774s] Level 1:colcon.colcon_core.environment:checking '/home/reeve/Vacuum_Cleaner_nav/install/vacuum_odom/bin'
[7.774s] Level 1:colcon.colcon_core.environment:create_environment_scripts_only(vacuum_odom)
[7.776s] INFO:colcon.colcon_core.shell:Creating package script '/home/reeve/Vacuum_Cleaner_nav/install/vacuum_odom/share/vacuum_odom/package.ps1'
[7.779s] INFO:colcon.colcon_core.shell:Creating package descriptor '/home/reeve/Vacuum_Cleaner_nav/install/vacuum_odom/share/vacuum_odom/package.dsv'
[7.783s] INFO:colcon.colcon_core.shell:Creating package script '/home/reeve/Vacuum_Cleaner_nav/install/vacuum_odom/share/vacuum_odom/package.sh'
[7.787s] INFO:colcon.colcon_core.shell:Creating package script '/home/reeve/Vacuum_Cleaner_nav/install/vacuum_odom/share/vacuum_odom/package.bash'
[7.791s] INFO:colcon.colcon_core.shell:Creating package script '/home/reeve/Vacuum_Cleaner_nav/install/vacuum_odom/share/vacuum_odom/package.zsh'
[7.795s] Level 1:colcon.colcon_core.environment:create_file_with_runtime_dependencies(/home/reeve/Vacuum_Cleaner_nav/install/vacuum_odom/share/colcon-core/packages/vacuum_odom)
[7.963s] Level 1:colcon.colcon_core.environment:checking '/home/reeve/Vacuum_Cleaner_nav/install/vacuum_slam' for CMake module files
[7.965s] DEBUG:colcon.colcon_core.event_handler.log_command:Invoked command in '/home/reeve/Vacuum_Cleaner_nav/src/vacuum_slam' returned '0': PYTHONPATH=/home/reeve/Vacuum_Cleaner_nav/build/vacuum_slam/prefix_override:/usr/lib/python3/dist-packages/colcon_core/task/python/colcon_distutils_commands:/home/reeve/Vacuum_Cleaner_nav/install/vacuum_slam/lib/python3.10/site-packages:${PYTHONPATH} /usr/bin/python3 -W ignore:setup.py install is deprecated -W ignore:easy_install command is deprecated setup.py egg_info --egg-base ../../build/vacuum_slam build --build-base /home/reeve/Vacuum_Cleaner_nav/build/vacuum_slam/build install --record /home/reeve/Vacuum_Cleaner_nav/build/vacuum_slam/install.log --single-version-externally-managed install_data
[7.967s] Level 1:colcon.colcon_core.environment:checking '/home/reeve/Vacuum_Cleaner_nav/install/vacuum_slam' for CMake config files
[7.970s] Level 1:colcon.colcon_core.environment:checking '/home/reeve/Vacuum_Cleaner_nav/install/vacuum_slam/lib'
[7.971s] Level 1:colcon.colcon_core.environment:checking '/home/reeve/Vacuum_Cleaner_nav/install/vacuum_slam/bin'
[7.972s] Level 1:colcon.colcon_core.environment:checking '/home/reeve/Vacuum_Cleaner_nav/install/vacuum_slam/lib/pkgconfig/vacuum_slam.pc'
[7.973s] Level 1:colcon.colcon_core.environment:checking '/home/reeve/Vacuum_Cleaner_nav/install/vacuum_slam/lib/python3.10/site-packages'
[7.973s] Level 1:colcon.colcon_core.shell:create_environment_hook('vacuum_slam', 'pythonpath')
[7.974s] INFO:colcon.colcon_core.shell:Creating environment hook '/home/reeve/Vacuum_Cleaner_nav/install/vacuum_slam/share/vacuum_slam/hook/pythonpath.ps1'
[7.976s] INFO:colcon.colcon_core.shell:Creating environment descriptor '/home/reeve/Vacuum_Cleaner_nav/install/vacuum_slam/share/vacuum_slam/hook/pythonpath.dsv'
[7.978s] INFO:colcon.colcon_core.shell:Creating environment hook '/home/reeve/Vacuum_Cleaner_nav/install/vacuum_slam/share/vacuum_slam/hook/pythonpath.sh'
[7.982s] Level 1:colcon.colcon_core.environment:checking '/home/reeve/Vacuum_Cleaner_nav/install/vacuum_slam/bin'
[7.983s] Level 1:colcon.colcon_core.environment:create_environment_scripts_only(vacuum_slam)
[7.985s] INFO:colcon.colcon_core.shell:Creating package script '/home/reeve/Vacuum_Cleaner_nav/install/vacuum_slam/share/vacuum_slam/package.ps1'
[7.989s] INFO:colcon.colcon_core.shell:Creating package descriptor '/home/reeve/Vacuum_Cleaner_nav/install/vacuum_slam/share/vacuum_slam/package.dsv'
[7.992s] INFO:colcon.colcon_core.shell:Creating package script '/home/reeve/Vacuum_Cleaner_nav/install/vacuum_slam/share/vacuum_slam/package.sh'
[7.995s] INFO:colcon.colcon_core.shell:Creating package script '/home/reeve/Vacuum_Cleaner_nav/install/vacuum_slam/share/vacuum_slam/package.bash'
[7.998s] INFO:colcon.colcon_core.shell:Creating package script '/home/reeve/Vacuum_Cleaner_nav/install/vacuum_slam/share/vacuum_slam/package.zsh'
[8.000s] Level 1:colcon.colcon_core.environment:create_file_with_runtime_dependencies(/home/reeve/Vacuum_Cleaner_nav/install/vacuum_slam/share/colcon-core/packages/vacuum_slam)
[8.003s] DEBUG:colcon.colcon_parallel_executor.executor.parallel:closing loop
[8.004s] DEBUG:colcon.colcon_parallel_executor.executor.parallel:loop closed
[8.004s] DEBUG:colcon.colcon_parallel_executor.executor.parallel:run_until_complete finished with '0'
[8.005s] DEBUG:colcon.colcon_core.event_reactor:joining thread
[8.037s] INFO:colcon.colcon_core.plugin_system:Skipping extension 'colcon_notification.desktop_notification.terminal_notifier': Not used on non-Darwin systems
[8.038s] INFO:colcon.colcon_core.plugin_system:Skipping extension 'colcon_notification.desktop_notification.win32': Not used on non-Windows systems
[8.038s] INFO:colcon.colcon_notification.desktop_notification:Sending desktop notification using 'notify2'
[8.044s] DEBUG:colcon.colcon_notification.desktop_notification.notify2:Failed to initialize notify2: org.freedesktop.DBus.Error.ServiceUnknown: The name org.freedesktop.Notifications was not provided by any .service files
[8.044s] DEBUG:colcon.colcon_core.event_reactor:joined thread
[8.045s] INFO:colcon.colcon_core.shell:Creating prefix script '/home/reeve/Vacuum_Cleaner_nav/install/local_setup.ps1'
[8.050s] INFO:colcon.colcon_core.shell:Creating prefix util module '/home/reeve/Vacuum_Cleaner_nav/install/_local_setup_util_ps1.py'
[8.056s] INFO:colcon.colcon_core.shell:Creating prefix chain script '/home/reeve/Vacuum_Cleaner_nav/install/setup.ps1'
[8.062s] INFO:colcon.colcon_core.shell:Creating prefix script '/home/reeve/Vacuum_Cleaner_nav/install/local_setup.sh'
[8.065s] INFO:colcon.colcon_core.shell:Creating prefix util module '/home/reeve/Vacuum_Cleaner_nav/install/_local_setup_util_sh.py'
[8.068s] INFO:colcon.colcon_core.shell:Creating prefix chain script '/home/reeve/Vacuum_Cleaner_nav/install/setup.sh'
[8.073s] INFO:colcon.colcon_core.shell:Creating prefix script '/home/reeve/Vacuum_Cleaner_nav/install/local_setup.bash'
[8.076s] INFO:colcon.colcon_core.shell:Creating prefix chain script '/home/reeve/Vacuum_Cleaner_nav/install/setup.bash'
[8.081s] INFO:colcon.colcon_core.shell:Creating prefix script '/home/reeve/Vacuum_Cleaner_nav/install/local_setup.zsh'
[8.083s] INFO:colcon.colcon_core.shell:Creating prefix chain script '/home/reeve/Vacuum_Cleaner_nav/install/setup.zsh'
