[4.413s] Invoking command in '/home/reeve/Vacuum_Cleaner_nav/src/vacuum_slam': PYTHONPATH=/home/reeve/Vacuum_Cleaner_nav/build/vacuum_slam/prefix_override:/usr/lib/python3/dist-packages/colcon_core/task/python/colcon_distutils_commands:/home/reeve/Vacuum_Cleaner_nav/install/vacuum_slam/lib/python3.10/site-packages:${PYTHONPATH} /usr/bin/python3 -W ignore:setup.py install is deprecated -W ignore:easy_install command is deprecated setup.py egg_info --egg-base ../../build/vacuum_slam build --build-base /home/reeve/Vacuum_Cleaner_nav/build/vacuum_slam/build install --record /home/reeve/Vacuum_Cleaner_nav/build/vacuum_slam/install.log --single-version-externally-managed install_data
[5.680s] running egg_info
[5.687s] writing ../../build/vacuum_slam/vacuum_slam.egg-info/PKG-INFO
[5.688s] writing dependency_links to ../../build/vacuum_slam/vacuum_slam.egg-info/dependency_links.txt
[5.689s] writing entry points to ../../build/vacuum_slam/vacuum_slam.egg-info/entry_points.txt
[5.689s] writing requirements to ../../build/vacuum_slam/vacuum_slam.egg-info/requires.txt
[5.695s] writing top-level names to ../../build/vacuum_slam/vacuum_slam.egg-info/top_level.txt
[5.698s] reading manifest file '../../build/vacuum_slam/vacuum_slam.egg-info/SOURCES.txt'
[5.702s] writing manifest file '../../build/vacuum_slam/vacuum_slam.egg-info/SOURCES.txt'
[5.704s] running build
[5.706s] running build_py
[5.707s] running install
[5.710s] running install_lib
[5.717s] running install_data
[5.718s] running install_egg_info
[5.730s] removing '/home/reeve/Vacuum_Cleaner_nav/install/vacuum_slam/lib/python3.10/site-packages/vacuum_slam-0.0.0-py3.10.egg-info' (and everything under it)
[5.732s] Copying ../../build/vacuum_slam/vacuum_slam.egg-info to /home/reeve/Vacuum_Cleaner_nav/install/vacuum_slam/lib/python3.10/site-packages/vacuum_slam-0.0.0-py3.10.egg-info
[5.739s] running install_scripts
[5.837s] writing list of installed files to '/home/reeve/Vacuum_Cleaner_nav/build/vacuum_slam/install.log'
[6.084s] Invoked command in '/home/reeve/Vacuum_Cleaner_nav/src/vacuum_slam' returned '0': PYTHONPATH=/home/reeve/Vacuum_Cleaner_nav/build/vacuum_slam/prefix_override:/usr/lib/python3/dist-packages/colcon_core/task/python/colcon_distutils_commands:/home/reeve/Vacuum_Cleaner_nav/install/vacuum_slam/lib/python3.10/site-packages:${PYTHONPATH} /usr/bin/python3 -W ignore:setup.py install is deprecated -W ignore:easy_install command is deprecated setup.py egg_info --egg-base ../../build/vacuum_slam build --build-base /home/reeve/Vacuum_Cleaner_nav/build/vacuum_slam/build install --record /home/reeve/Vacuum_Cleaner_nav/build/vacuum_slam/install.log --single-version-externally-managed install_data
