[0.047s] Invoking command in '/home/reeve/Vacuum_Cleaner_nav/build/ros2_laser_scan_matcher': CMAKE_PREFIX_PATH=/opt/ros/humble /usr/bin/cmake /home/reeve/Vacuum_Cleaner_nav/src/ros2_laser_scan_matcher -DCMAKE_INSTALL_PREFIX=/home/reeve/Vacuum_Cleaner_nav/install/ros2_laser_scan_matcher
[0.942s] -- The C compiler identification is GNU 11.4.0
[1.640s] -- The CXX compiler identification is GNU 11.4.0
[1.702s] -- Detecting C compiler ABI info
[2.098s] -- Detecting C compiler ABI info - done
[2.125s] -- Check for working C compiler: /usr/bin/cc - skipped
[2.126s] -- Detecting C compile features
[2.130s] -- Detecting C compile features - done
[2.145s] -- Detecting CXX compiler ABI info
[2.519s] -- Detecting CXX compiler ABI info - done
[2.547s] -- Check for working CXX compiler: /usr/bin/c++ - skipped
[2.548s] -- Detecting CXX compile features
[2.550s] -- Detecting CXX compile features - done
[2.598s] -- Found ament_cmake: 1.3.11 (/opt/ros/humble/share/ament_cmake/cmake)
[3.428s] -- Found Python3: /usr/bin/python3 (found version "3.10.12") found components: Interpreter 
[4.219s] -- Found sensor_msgs: 4.8.0 (/opt/ros/humble/share/sensor_msgs/cmake)
[4.567s] -- Found rosidl_generator_c: 3.1.6 (/opt/ros/humble/share/rosidl_generator_c/cmake)
[4.619s] -- Found rosidl_adapter: 3.1.6 (/opt/ros/humble/share/rosidl_adapter/cmake)
[4.693s] -- Found rosidl_generator_cpp: 3.1.6 (/opt/ros/humble/share/rosidl_generator_cpp/cmake)
[4.790s] -- Using all available rosidl_typesupport_c: rosidl_typesupport_fastrtps_c;rosidl_typesupport_introspection_c
[4.938s] -- Using all available rosidl_typesupport_cpp: rosidl_typesupport_fastrtps_cpp;rosidl_typesupport_introspection_cpp
[5.317s] -- Found rclcpp: 16.0.12 (/opt/ros/humble/share/rclcpp/cmake)
[5.644s] -- Found rmw_implementation_cmake: 6.1.2 (/opt/ros/humble/share/rmw_implementation_cmake/cmake)
[5.673s] -- Found rmw_fastrtps_cpp: 6.2.7 (/opt/ros/humble/share/rmw_fastrtps_cpp/cmake)
[6.303s] -- Found OpenSSL: /usr/lib/aarch64-linux-gnu/libcrypto.so (found version "3.0.2")  
[6.569s] -- Found FastRTPS: /opt/ros/humble/include  
[6.984s] -- Using RMW implementation 'rmw_fastrtps_cpp' as default
[7.073s] -- Looking for pthread.h
[7.444s] -- Looking for pthread.h - found
[7.446s] -- Performing Test CMAKE_HAVE_LIBC_PTHREAD
[7.798s] -- Performing Test CMAKE_HAVE_LIBC_PTHREAD - Success
[7.803s] -- Found Threads: TRUE  
[8.076s] -- Found nav_msgs: 4.8.0 (/opt/ros/humble/share/nav_msgs/cmake)
[8.181s] -- Found tf2_ros: 0.25.12 (/opt/ros/humble/share/tf2_ros/cmake)
[8.922s] -- Found tf2_geometry_msgs: 0.25.12 (/opt/ros/humble/share/tf2_geometry_msgs/cmake)
[9.111s] -- Found eigen3_cmake_module: 0.1.1 (/opt/ros/humble/share/eigen3_cmake_module/cmake)
[9.118s] -- Found Eigen3: TRUE (found version "3.4.0") 
[9.118s] -- Ensuring Eigen3 include directory is part of orocos-kdl CMake target
[9.140s] -- Found PkgConfig: /usr/bin/pkg-config (found version "0.29.2") 
[9.312s] [31mCMake Error at CMakeLists.txt:14 (find_package):
[9.312s]   By not providing "Findcsm.cmake" in CMAKE_MODULE_PATH this project has
[9.313s]   asked CMake to find a package configuration file provided by "csm", but
[9.313s]   CMake did not find one.
[9.313s] 
[9.314s]   Could not find a package configuration file provided by "csm" with any of
[9.314s]   the following names:
[9.314s] 
[9.315s]     csmConfig.cmake
[9.315s]     csm-config.cmake
[9.316s] 
[9.316s]   Add the installation prefix of "csm" to CMAKE_PREFIX_PATH or set "csm_DIR"
[9.316s]   to a directory containing one of the above files.  If "csm" provides a
[9.318s]   separate development package or SDK, be sure it has been installed.
[9.318s] 
[9.319s] [0m
[9.319s] -- Configuring incomplete, errors occurred!
[9.320s] See also "/home/reeve/Vacuum_Cleaner_nav/build/ros2_laser_scan_matcher/CMakeFiles/CMakeOutput.log".
[9.359s] Invoked command in '/home/reeve/Vacuum_Cleaner_nav/build/ros2_laser_scan_matcher' returned '1': CMAKE_PREFIX_PATH=/opt/ros/humble /usr/bin/cmake /home/reeve/Vacuum_Cleaner_nav/src/ros2_laser_scan_matcher -DCMAKE_INSTALL_PREFIX=/home/reeve/Vacuum_Cleaner_nav/install/ros2_laser_scan_matcher
