[0.107s] Invoking command in '/home/reeve/Vacuum_Cleaner_nav/build/ldlidar_sl_ros2': CMAKE_PREFIX_PATH=${CMAKE_PREFIX_PATH}:/home/reeve/Vacuum_Cleaner_nav/install/vacuum_slam:/home/reeve/Vacuum_Cleaner_nav/install/vacuum_odom:/opt/ros/humble /usr/bin/cmake --build /home/reeve/Vacuum_Cleaner_nav/build/ldlidar_sl_ros2 -- -j4 -l4
[1.389s] [100%] Built target ldlidar_sl_ros2_node
[2.657s] Invoked command in '/home/reeve/Vacuum_Cleaner_nav/build/ldlidar_sl_ros2' returned '0': CMAKE_PREFIX_PATH=${CMAKE_PREFIX_PATH}:/home/reeve/Vacuum_Cleaner_nav/install/vacuum_slam:/home/reeve/Vacuum_Cleaner_nav/install/vacuum_odom:/opt/ros/humble /usr/bin/cmake --build /home/reeve/Vacuum_Cleaner_nav/build/ldlidar_sl_ros2 -- -j4 -l4
[2.695s] Invoking command in '/home/reeve/Vacuum_Cleaner_nav/build/ldlidar_sl_ros2': CMAKE_PREFIX_PATH=${CMAKE_PREFIX_PATH}:/home/reeve/Vacuum_Cleaner_nav/install/vacuum_slam:/home/reeve/Vacuum_Cleaner_nav/install/vacuum_odom:/opt/ros/humble /usr/bin/cmake --install /home/reeve/Vacuum_Cleaner_nav/build/ldlidar_sl_ros2
[2.729s] -- Install configuration: ""
[2.731s] -- Up-to-date: /home/reeve/Vacuum_Cleaner_nav/install/ldlidar_sl_ros2/lib/ldlidar_sl_ros2/ldlidar_sl_ros2_node
[2.733s] -- Up-to-date: /home/reeve/Vacuum_Cleaner_nav/install/ldlidar_sl_ros2/share/ldlidar_sl_ros2//launch
[2.734s] -- Up-to-date: /home/reeve/Vacuum_Cleaner_nav/install/ldlidar_sl_ros2/share/ldlidar_sl_ros2//launch/ld14p.launch.py
[2.734s] -- Up-to-date: /home/reeve/Vacuum_Cleaner_nav/install/ldlidar_sl_ros2/share/ldlidar_sl_ros2//launch/ld14.launch.py
[2.735s] -- Up-to-date: /home/reeve/Vacuum_Cleaner_nav/install/ldlidar_sl_ros2/share/ldlidar_sl_ros2//launch/viewer_ld14.launch.py
[2.736s] -- Up-to-date: /home/reeve/Vacuum_Cleaner_nav/install/ldlidar_sl_ros2/share/ldlidar_sl_ros2//launch/viewer_ld14p.launch.py
[2.736s] -- Up-to-date: /home/reeve/Vacuum_Cleaner_nav/install/ldlidar_sl_ros2/share/ldlidar_sl_ros2//rviz2
[2.737s] -- Up-to-date: /home/reeve/Vacuum_Cleaner_nav/install/ldlidar_sl_ros2/share/ldlidar_sl_ros2//rviz2/ldlidar.rviz
[2.737s] -- Up-to-date: /home/reeve/Vacuum_Cleaner_nav/install/ldlidar_sl_ros2/share/ldlidar_sl_ros2//scripts
[2.738s] -- Up-to-date: /home/reeve/Vacuum_Cleaner_nav/install/ldlidar_sl_ros2/share/ldlidar_sl_ros2//scripts/ldlidar.rules
[2.738s] -- Up-to-date: /home/reeve/Vacuum_Cleaner_nav/install/ldlidar_sl_ros2/share/ldlidar_sl_ros2//scripts/create_udev_rules.sh
[2.738s] -- Up-to-date: /home/reeve/Vacuum_Cleaner_nav/install/ldlidar_sl_ros2/share/ldlidar_sl_ros2//scripts/delete_udev_rules.sh
[2.739s] -- Up-to-date: /home/reeve/Vacuum_Cleaner_nav/install/ldlidar_sl_ros2/share/ament_index/resource_index/package_run_dependencies/ldlidar_sl_ros2
[2.739s] -- Up-to-date: /home/reeve/Vacuum_Cleaner_nav/install/ldlidar_sl_ros2/share/ament_index/resource_index/parent_prefix_path/ldlidar_sl_ros2
[2.740s] -- Up-to-date: /home/reeve/Vacuum_Cleaner_nav/install/ldlidar_sl_ros2/share/ldlidar_sl_ros2/environment/ament_prefix_path.sh
[2.740s] -- Up-to-date: /home/reeve/Vacuum_Cleaner_nav/install/ldlidar_sl_ros2/share/ldlidar_sl_ros2/environment/ament_prefix_path.dsv
[2.741s] -- Up-to-date: /home/reeve/Vacuum_Cleaner_nav/install/ldlidar_sl_ros2/share/ldlidar_sl_ros2/environment/path.sh
[2.742s] -- Up-to-date: /home/reeve/Vacuum_Cleaner_nav/install/ldlidar_sl_ros2/share/ldlidar_sl_ros2/environment/path.dsv
[2.742s] -- Up-to-date: /home/reeve/Vacuum_Cleaner_nav/install/ldlidar_sl_ros2/share/ldlidar_sl_ros2/local_setup.bash
[2.743s] -- Up-to-date: /home/reeve/Vacuum_Cleaner_nav/install/ldlidar_sl_ros2/share/ldlidar_sl_ros2/local_setup.sh
[2.744s] -- Up-to-date: /home/reeve/Vacuum_Cleaner_nav/install/ldlidar_sl_ros2/share/ldlidar_sl_ros2/local_setup.zsh
[2.744s] -- Up-to-date: /home/reeve/Vacuum_Cleaner_nav/install/ldlidar_sl_ros2/share/ldlidar_sl_ros2/local_setup.dsv
[2.745s] -- Installing: /home/reeve/Vacuum_Cleaner_nav/install/ldlidar_sl_ros2/share/ldlidar_sl_ros2/package.dsv
[2.747s] -- Up-to-date: /home/reeve/Vacuum_Cleaner_nav/install/ldlidar_sl_ros2/share/ament_index/resource_index/packages/ldlidar_sl_ros2
[2.748s] -- Up-to-date: /home/reeve/Vacuum_Cleaner_nav/install/ldlidar_sl_ros2/share/ldlidar_sl_ros2/cmake/ldlidar_sl_ros2Config.cmake
[2.748s] -- Up-to-date: /home/reeve/Vacuum_Cleaner_nav/install/ldlidar_sl_ros2/share/ldlidar_sl_ros2/cmake/ldlidar_sl_ros2Config-version.cmake
[2.749s] -- Up-to-date: /home/reeve/Vacuum_Cleaner_nav/install/ldlidar_sl_ros2/share/ldlidar_sl_ros2/package.xml
[2.774s] Invoked command in '/home/reeve/Vacuum_Cleaner_nav/build/ldlidar_sl_ros2' returned '0': CMAKE_PREFIX_PATH=${CMAKE_PREFIX_PATH}:/home/reeve/Vacuum_Cleaner_nav/install/vacuum_slam:/home/reeve/Vacuum_Cleaner_nav/install/vacuum_odom:/opt/ros/humble /usr/bin/cmake --install /home/reeve/Vacuum_Cleaner_nav/build/ldlidar_sl_ros2
