[1.132s] DEBUG:colcon:Command line arguments: ['/usr/bin/colcon', 'build', '--packages-select', 'vacuum_odom', 'vacuum_slam']
[1.132s] DEBUG:colcon:Parsed command line arguments: Namespace(log_base=None, log_level=None, verb_name='build', build_base='build', install_base='install', merge_install=False, symlink_install=False, test_result_base=None, continue_on_error=False, executor='parallel', parallel_workers=4, event_handlers=None, ignore_user_meta=False, metas=['./colcon.meta'], base_paths=['.'], packages_ignore=None, packages_ignore_regex=None, paths=None, packages_up_to=None, packages_up_to_regex=None, packages_above=None, packages_above_and_dependencies=None, packages_above_depth=None, packages_select_by_dep=None, packages_skip_by_dep=None, packages_skip_up_to=None, packages_select_build_failed=False, packages_skip_build_finished=False, packages_select_test_failures=False, packages_skip_test_passed=False, packages_select=['vacuum_odom', 'vacuum_slam'], packages_skip=None, packages_select_regex=None, packages_skip_regex=None, packages_start=None, packages_end=None, allow_overriding=[], cmake_args=None, cmake_target=None, cmake_target_skip_unavailable=False, cmake_clean_cache=False, cmake_clean_first=False, cmake_force_configure=False, ament_cmake_args=None, catkin_cmake_args=None, catkin_skip_building_tests=False, verb_parser=<colcon_defaults.argument_parser.defaults.DefaultArgumentsDecorator object at 0xffffae146fe0>, verb_extension=<colcon_core.verb.build.BuildVerb object at 0xffffae33c490>, main=<bound method BuildVerb.main of <colcon_core.verb.build.BuildVerb object at 0xffffae33c490>>)
[2.514s] Level 1:colcon.colcon_core.package_discovery:discover_packages(colcon_meta) check parameters
[2.515s] Level 1:colcon.colcon_core.package_discovery:discover_packages(recursive) check parameters
[2.515s] Level 1:colcon.colcon_core.package_discovery:discover_packages(ignore) check parameters
[2.515s] Level 1:colcon.colcon_core.package_discovery:discover_packages(path) check parameters
[2.516s] Level 1:colcon.colcon_core.package_discovery:discover_packages(colcon_meta) discover
[2.516s] Level 1:colcon.colcon_core.package_discovery:discover_packages(recursive) discover
[2.516s] INFO:colcon.colcon_core.package_discovery:Crawling recursively for packages in '/home/reeve/Vacuum_Cleaner_nav'
[2.517s] Level 1:colcon.colcon_core.package_identification:_identify(.) by extensions ['ignore', 'ignore_ament_install']
[2.517s] Level 1:colcon.colcon_core.package_identification:_identify(.) by extension 'ignore'
[2.517s] Level 1:colcon.colcon_core.package_identification:_identify(.) by extension 'ignore_ament_install'
[2.518s] Level 1:colcon.colcon_core.package_identification:_identify(.) by extensions ['colcon_pkg']
[2.518s] Level 1:colcon.colcon_core.package_identification:_identify(.) by extension 'colcon_pkg'
[2.518s] Level 1:colcon.colcon_core.package_identification:_identify(.) by extensions ['colcon_meta']
[2.519s] Level 1:colcon.colcon_core.package_identification:_identify(.) by extension 'colcon_meta'
[2.519s] Level 1:colcon.colcon_core.package_identification:_identify(.) by extensions ['ros']
[2.519s] Level 1:colcon.colcon_core.package_identification:_identify(.) by extension 'ros'
[2.603s] Level 1:colcon.colcon_core.package_identification:_identify(.) by extensions ['cmake', 'python']
[2.603s] Level 1:colcon.colcon_core.package_identification:_identify(.) by extension 'cmake'
[2.604s] Level 1:colcon.colcon_core.package_identification:_identify(.) by extension 'python'
[2.604s] Level 1:colcon.colcon_core.package_identification:_identify(.) by extensions ['python_setup_py']
[2.605s] Level 1:colcon.colcon_core.package_identification:_identify(.) by extension 'python_setup_py'
[2.606s] Level 1:colcon.colcon_core.package_identification:_identify(build) by extensions ['ignore', 'ignore_ament_install']
[2.607s] Level 1:colcon.colcon_core.package_identification:_identify(build) by extension 'ignore'
[2.607s] Level 1:colcon.colcon_core.package_identification:_identify(build) ignored
[2.608s] Level 1:colcon.colcon_core.package_identification:_identify(install) by extensions ['ignore', 'ignore_ament_install']
[2.609s] Level 1:colcon.colcon_core.package_identification:_identify(install) by extension 'ignore'
[2.609s] Level 1:colcon.colcon_core.package_identification:_identify(install) ignored
[2.609s] Level 1:colcon.colcon_core.package_identification:_identify(log) by extensions ['ignore', 'ignore_ament_install']
[2.610s] Level 1:colcon.colcon_core.package_identification:_identify(log) by extension 'ignore'
[2.610s] Level 1:colcon.colcon_core.package_identification:_identify(log) ignored
[2.610s] Level 1:colcon.colcon_core.package_identification:_identify(src) by extensions ['ignore', 'ignore_ament_install']
[2.611s] Level 1:colcon.colcon_core.package_identification:_identify(src) by extension 'ignore'
[2.611s] Level 1:colcon.colcon_core.package_identification:_identify(src) by extension 'ignore_ament_install'
[2.611s] Level 1:colcon.colcon_core.package_identification:_identify(src) by extensions ['colcon_pkg']
[2.611s] Level 1:colcon.colcon_core.package_identification:_identify(src) by extension 'colcon_pkg'
[2.612s] Level 1:colcon.colcon_core.package_identification:_identify(src) by extensions ['colcon_meta']
[2.612s] Level 1:colcon.colcon_core.package_identification:_identify(src) by extension 'colcon_meta'
[2.612s] Level 1:colcon.colcon_core.package_identification:_identify(src) by extensions ['ros']
[2.612s] Level 1:colcon.colcon_core.package_identification:_identify(src) by extension 'ros'
[2.612s] Level 1:colcon.colcon_core.package_identification:_identify(src) by extensions ['cmake', 'python']
[2.613s] Level 1:colcon.colcon_core.package_identification:_identify(src) by extension 'cmake'
[2.613s] Level 1:colcon.colcon_core.package_identification:_identify(src) by extension 'python'
[2.613s] Level 1:colcon.colcon_core.package_identification:_identify(src) by extensions ['python_setup_py']
[2.613s] Level 1:colcon.colcon_core.package_identification:_identify(src) by extension 'python_setup_py'
[2.614s] Level 1:colcon.colcon_core.package_identification:_identify(src/ldlidar_sl_ros2) by extensions ['ignore', 'ignore_ament_install']
[2.614s] Level 1:colcon.colcon_core.package_identification:_identify(src/ldlidar_sl_ros2) by extension 'ignore'
[2.614s] Level 1:colcon.colcon_core.package_identification:_identify(src/ldlidar_sl_ros2) by extension 'ignore_ament_install'
[2.615s] Level 1:colcon.colcon_core.package_identification:_identify(src/ldlidar_sl_ros2) by extensions ['colcon_pkg']
[2.615s] Level 1:colcon.colcon_core.package_identification:_identify(src/ldlidar_sl_ros2) by extension 'colcon_pkg'
[2.615s] Level 1:colcon.colcon_core.package_identification:_identify(src/ldlidar_sl_ros2) by extensions ['colcon_meta']
[2.615s] Level 1:colcon.colcon_core.package_identification:_identify(src/ldlidar_sl_ros2) by extension 'colcon_meta'
[2.615s] Level 1:colcon.colcon_core.package_identification:_identify(src/ldlidar_sl_ros2) by extensions ['ros']
[2.615s] Level 1:colcon.colcon_core.package_identification:_identify(src/ldlidar_sl_ros2) by extension 'ros'
[2.629s] DEBUG:colcon.colcon_core.package_identification:Package 'src/ldlidar_sl_ros2' with type 'ros.ament_cmake' and name 'ldlidar_sl_ros2'
[2.630s] Level 1:colcon.colcon_core.package_identification:_identify(src/vacuum_bluetooth) by extensions ['ignore', 'ignore_ament_install']
[2.631s] Level 1:colcon.colcon_core.package_identification:_identify(src/vacuum_bluetooth) by extension 'ignore'
[2.631s] Level 1:colcon.colcon_core.package_identification:_identify(src/vacuum_bluetooth) by extension 'ignore_ament_install'
[2.631s] Level 1:colcon.colcon_core.package_identification:_identify(src/vacuum_bluetooth) by extensions ['colcon_pkg']
[2.632s] Level 1:colcon.colcon_core.package_identification:_identify(src/vacuum_bluetooth) by extension 'colcon_pkg'
[2.632s] Level 1:colcon.colcon_core.package_identification:_identify(src/vacuum_bluetooth) by extensions ['colcon_meta']
[2.632s] Level 1:colcon.colcon_core.package_identification:_identify(src/vacuum_bluetooth) by extension 'colcon_meta'
[2.632s] Level 1:colcon.colcon_core.package_identification:_identify(src/vacuum_bluetooth) by extensions ['ros']
[2.632s] Level 1:colcon.colcon_core.package_identification:_identify(src/vacuum_bluetooth) by extension 'ros'
[2.635s] DEBUG:colcon.colcon_core.package_identification:Package 'src/vacuum_bluetooth' with type 'ros.ament_python' and name 'vacuum_bluetooth'
[2.636s] Level 1:colcon.colcon_core.package_identification:_identify(src/vacuum_odom) by extensions ['ignore', 'ignore_ament_install']
[2.636s] Level 1:colcon.colcon_core.package_identification:_identify(src/vacuum_odom) by extension 'ignore'
[2.637s] Level 1:colcon.colcon_core.package_identification:_identify(src/vacuum_odom) by extension 'ignore_ament_install'
[2.637s] Level 1:colcon.colcon_core.package_identification:_identify(src/vacuum_odom) by extensions ['colcon_pkg']
[2.637s] Level 1:colcon.colcon_core.package_identification:_identify(src/vacuum_odom) by extension 'colcon_pkg'
[2.637s] Level 1:colcon.colcon_core.package_identification:_identify(src/vacuum_odom) by extensions ['colcon_meta']
[2.638s] Level 1:colcon.colcon_core.package_identification:_identify(src/vacuum_odom) by extension 'colcon_meta'
[2.638s] Level 1:colcon.colcon_core.package_identification:_identify(src/vacuum_odom) by extensions ['ros']
[2.638s] Level 1:colcon.colcon_core.package_identification:_identify(src/vacuum_odom) by extension 'ros'
[2.643s] DEBUG:colcon.colcon_core.package_identification:Package 'src/vacuum_odom' with type 'ros.ament_python' and name 'vacuum_odom'
[2.644s] Level 1:colcon.colcon_core.package_identification:_identify(src/vacuum_slam) by extensions ['ignore', 'ignore_ament_install']
[2.644s] Level 1:colcon.colcon_core.package_identification:_identify(src/vacuum_slam) by extension 'ignore'
[2.644s] Level 1:colcon.colcon_core.package_identification:_identify(src/vacuum_slam) by extension 'ignore_ament_install'
[2.644s] Level 1:colcon.colcon_core.package_identification:_identify(src/vacuum_slam) by extensions ['colcon_pkg']
[2.645s] Level 1:colcon.colcon_core.package_identification:_identify(src/vacuum_slam) by extension 'colcon_pkg'
[2.645s] Level 1:colcon.colcon_core.package_identification:_identify(src/vacuum_slam) by extensions ['colcon_meta']
[2.645s] Level 1:colcon.colcon_core.package_identification:_identify(src/vacuum_slam) by extension 'colcon_meta'
[2.645s] Level 1:colcon.colcon_core.package_identification:_identify(src/vacuum_slam) by extensions ['ros']
[2.645s] Level 1:colcon.colcon_core.package_identification:_identify(src/vacuum_slam) by extension 'ros'
[2.649s] DEBUG:colcon.colcon_core.package_identification:Package 'src/vacuum_slam' with type 'ros.ament_python' and name 'vacuum_slam'
[2.649s] Level 1:colcon.colcon_core.package_discovery:discover_packages(recursive) using defaults
[2.650s] Level 1:colcon.colcon_core.package_discovery:discover_packages(ignore) discover
[2.650s] Level 1:colcon.colcon_core.package_discovery:discover_packages(ignore) using defaults
[2.650s] Level 1:colcon.colcon_core.package_discovery:discover_packages(path) discover
[2.650s] Level 1:colcon.colcon_core.package_discovery:discover_packages(path) using defaults
[2.841s] INFO:colcon.colcon_core.package_selection:Skipping not selected package 'ldlidar_sl_ros2' in 'src/ldlidar_sl_ros2'
[2.842s] INFO:colcon.colcon_core.package_selection:Skipping not selected package 'vacuum_bluetooth' in 'src/vacuum_bluetooth'
[2.845s] Level 1:colcon.colcon_core.package_discovery:discover_packages(prefix_path) check parameters
[2.845s] Level 1:colcon.colcon_core.package_discovery:discover_packages(prefix_path) discover
[2.868s] DEBUG:colcon.colcon_installed_package_information.package_discovery:Found 279 installed packages in /opt/ros/humble
[2.875s] Level 1:colcon.colcon_core.package_discovery:discover_packages(prefix_path) using defaults
[3.044s] Level 5:colcon.colcon_core.verb:set package 'vacuum_odom' build argument 'cmake_args' from command line to 'None'
[3.045s] Level 5:colcon.colcon_core.verb:set package 'vacuum_odom' build argument 'cmake_target' from command line to 'None'
[3.045s] Level 5:colcon.colcon_core.verb:set package 'vacuum_odom' build argument 'cmake_target_skip_unavailable' from command line to 'False'
[3.045s] Level 5:colcon.colcon_core.verb:set package 'vacuum_odom' build argument 'cmake_clean_cache' from command line to 'False'
[3.045s] Level 5:colcon.colcon_core.verb:set package 'vacuum_odom' build argument 'cmake_clean_first' from command line to 'False'
[3.045s] Level 5:colcon.colcon_core.verb:set package 'vacuum_odom' build argument 'cmake_force_configure' from command line to 'False'
[3.045s] Level 5:colcon.colcon_core.verb:set package 'vacuum_odom' build argument 'ament_cmake_args' from command line to 'None'
[3.046s] Level 5:colcon.colcon_core.verb:set package 'vacuum_odom' build argument 'catkin_cmake_args' from command line to 'None'
[3.046s] Level 5:colcon.colcon_core.verb:set package 'vacuum_odom' build argument 'catkin_skip_building_tests' from command line to 'False'
[3.046s] DEBUG:colcon.colcon_core.verb:Building package 'vacuum_odom' with the following arguments: {'ament_cmake_args': None, 'build_base': '/home/reeve/Vacuum_Cleaner_nav/build/vacuum_odom', 'catkin_cmake_args': None, 'catkin_skip_building_tests': False, 'cmake_args': None, 'cmake_clean_cache': False, 'cmake_clean_first': False, 'cmake_force_configure': False, 'cmake_target': None, 'cmake_target_skip_unavailable': False, 'install_base': '/home/reeve/Vacuum_Cleaner_nav/install/vacuum_odom', 'merge_install': False, 'path': '/home/reeve/Vacuum_Cleaner_nav/src/vacuum_odom', 'symlink_install': False, 'test_result_base': None}
[3.047s] Level 5:colcon.colcon_core.verb:set package 'vacuum_slam' build argument 'cmake_args' from command line to 'None'
[3.048s] Level 5:colcon.colcon_core.verb:set package 'vacuum_slam' build argument 'cmake_target' from command line to 'None'
[3.048s] Level 5:colcon.colcon_core.verb:set package 'vacuum_slam' build argument 'cmake_target_skip_unavailable' from command line to 'False'
[3.048s] Level 5:colcon.colcon_core.verb:set package 'vacuum_slam' build argument 'cmake_clean_cache' from command line to 'False'
[3.048s] Level 5:colcon.colcon_core.verb:set package 'vacuum_slam' build argument 'cmake_clean_first' from command line to 'False'
[3.048s] Level 5:colcon.colcon_core.verb:set package 'vacuum_slam' build argument 'cmake_force_configure' from command line to 'False'
[3.048s] Level 5:colcon.colcon_core.verb:set package 'vacuum_slam' build argument 'ament_cmake_args' from command line to 'None'
[3.048s] Level 5:colcon.colcon_core.verb:set package 'vacuum_slam' build argument 'catkin_cmake_args' from command line to 'None'
[3.048s] Level 5:colcon.colcon_core.verb:set package 'vacuum_slam' build argument 'catkin_skip_building_tests' from command line to 'False'
[3.049s] DEBUG:colcon.colcon_core.verb:Building package 'vacuum_slam' with the following arguments: {'ament_cmake_args': None, 'build_base': '/home/reeve/Vacuum_Cleaner_nav/build/vacuum_slam', 'catkin_cmake_args': None, 'catkin_skip_building_tests': False, 'cmake_args': None, 'cmake_clean_cache': False, 'cmake_clean_first': False, 'cmake_force_configure': False, 'cmake_target': None, 'cmake_target_skip_unavailable': False, 'install_base': '/home/reeve/Vacuum_Cleaner_nav/install/vacuum_slam', 'merge_install': False, 'path': '/home/reeve/Vacuum_Cleaner_nav/src/vacuum_slam', 'symlink_install': False, 'test_result_base': None}
[3.049s] INFO:colcon.colcon_core.executor:Executing jobs using 'parallel' executor
[3.052s] DEBUG:colcon.colcon_parallel_executor.executor.parallel:run_until_complete
[3.054s] INFO:colcon.colcon_ros.task.ament_python.build:Building ROS package in '/home/reeve/Vacuum_Cleaner_nav/src/vacuum_odom' with build type 'ament_python'
[3.054s] Level 1:colcon.colcon_core.shell:create_environment_hook('vacuum_odom', 'ament_prefix_path')
[3.078s] INFO:colcon.colcon_core.plugin_system:Skipping extension 'colcon_core.shell.bat': Not used on non-Windows systems
[3.080s] INFO:colcon.colcon_core.shell:Creating environment hook '/home/reeve/Vacuum_Cleaner_nav/install/vacuum_odom/share/vacuum_odom/hook/ament_prefix_path.ps1'
[3.086s] INFO:colcon.colcon_core.shell:Creating environment descriptor '/home/reeve/Vacuum_Cleaner_nav/install/vacuum_odom/share/vacuum_odom/hook/ament_prefix_path.dsv'
[3.090s] INFO:colcon.colcon_core.shell:Creating environment hook '/home/reeve/Vacuum_Cleaner_nav/install/vacuum_odom/share/vacuum_odom/hook/ament_prefix_path.sh'
[3.095s] INFO:colcon.colcon_core.shell:Skip shell extension 'powershell' for command environment: Not usable outside of PowerShell
[3.095s] DEBUG:colcon.colcon_core.shell:Skip shell extension 'dsv' for command environment
[3.111s] INFO:colcon.colcon_ros.task.ament_python.build:Building ROS package in '/home/reeve/Vacuum_Cleaner_nav/src/vacuum_slam' with build type 'ament_python'
[3.112s] Level 1:colcon.colcon_core.shell:create_environment_hook('vacuum_slam', 'ament_prefix_path')
[3.113s] INFO:colcon.colcon_core.shell:Creating environment hook '/home/reeve/Vacuum_Cleaner_nav/install/vacuum_slam/share/vacuum_slam/hook/ament_prefix_path.ps1'
[3.116s] INFO:colcon.colcon_core.shell:Creating environment descriptor '/home/reeve/Vacuum_Cleaner_nav/install/vacuum_slam/share/vacuum_slam/hook/ament_prefix_path.dsv'
[3.119s] INFO:colcon.colcon_core.shell:Creating environment hook '/home/reeve/Vacuum_Cleaner_nav/install/vacuum_slam/share/vacuum_slam/hook/ament_prefix_path.sh'
[3.122s] INFO:colcon.colcon_core.shell:Skip shell extension 'powershell' for command environment: Not usable outside of PowerShell
[3.123s] DEBUG:colcon.colcon_core.shell:Skip shell extension 'dsv' for command environment
[4.331s] INFO:colcon.colcon_core.task.python.build:Building Python package in '/home/reeve/Vacuum_Cleaner_nav/src/vacuum_odom'
[4.332s] INFO:colcon.colcon_core.shell:Skip shell extension 'powershell' for command environment: Not usable outside of PowerShell
[4.332s] DEBUG:colcon.colcon_core.shell:Skip shell extension 'dsv' for command environment
[5.549s] INFO:colcon.colcon_core.task.python.build:Building Python package in '/home/reeve/Vacuum_Cleaner_nav/src/vacuum_slam'
[5.550s] INFO:colcon.colcon_core.shell:Skip shell extension 'powershell' for command environment: Not usable outside of PowerShell
[5.550s] DEBUG:colcon.colcon_core.shell:Skip shell extension 'dsv' for command environment
[7.480s] DEBUG:colcon.colcon_core.event_handler.log_command:Invoking command in '/home/reeve/Vacuum_Cleaner_nav/src/vacuum_slam': PYTHONPATH=/home/reeve/Vacuum_Cleaner_nav/build/vacuum_slam/prefix_override:/usr/lib/python3/dist-packages/colcon_core/task/python/colcon_distutils_commands:/home/reeve/Vacuum_Cleaner_nav/install/vacuum_slam/lib/python3.10/site-packages:${PYTHONPATH} /usr/bin/python3 -W ignore:setup.py install is deprecated -W ignore:easy_install command is deprecated setup.py egg_info --egg-base ../../build/vacuum_slam build --build-base /home/reeve/Vacuum_Cleaner_nav/build/vacuum_slam/build install --record /home/reeve/Vacuum_Cleaner_nav/build/vacuum_slam/install.log --single-version-externally-managed install_data
[7.511s] DEBUG:colcon.colcon_core.event_handler.log_command:Invoking command in '/home/reeve/Vacuum_Cleaner_nav/src/vacuum_odom': PYTHONPATH=/home/reeve/Vacuum_Cleaner_nav/build/vacuum_odom/prefix_override:/usr/lib/python3/dist-packages/colcon_core/task/python/colcon_distutils_commands:/home/reeve/Vacuum_Cleaner_nav/install/vacuum_odom/lib/python3.10/site-packages:${PYTHONPATH} /usr/bin/python3 -W ignore:setup.py install is deprecated -W ignore:easy_install command is deprecated setup.py egg_info --egg-base ../../build/vacuum_odom build --build-base /home/reeve/Vacuum_Cleaner_nav/build/vacuum_odom/build install --record /home/reeve/Vacuum_Cleaner_nav/build/vacuum_odom/install.log --single-version-externally-managed install_data
[9.092s] DEBUG:colcon.colcon_core.event_handler.log_command:Invoked command in '/home/reeve/Vacuum_Cleaner_nav/src/vacuum_slam' returned '0': PYTHONPATH=/home/reeve/Vacuum_Cleaner_nav/build/vacuum_slam/prefix_override:/usr/lib/python3/dist-packages/colcon_core/task/python/colcon_distutils_commands:/home/reeve/Vacuum_Cleaner_nav/install/vacuum_slam/lib/python3.10/site-packages:${PYTHONPATH} /usr/bin/python3 -W ignore:setup.py install is deprecated -W ignore:easy_install command is deprecated setup.py egg_info --egg-base ../../build/vacuum_slam build --build-base /home/reeve/Vacuum_Cleaner_nav/build/vacuum_slam/build install --record /home/reeve/Vacuum_Cleaner_nav/build/vacuum_slam/install.log --single-version-externally-managed install_data
[9.134s] Level 1:colcon.colcon_core.environment:checking '/home/reeve/Vacuum_Cleaner_nav/install/vacuum_slam' for CMake module files
[9.138s] Level 1:colcon.colcon_core.environment:checking '/home/reeve/Vacuum_Cleaner_nav/install/vacuum_slam' for CMake config files
[9.143s] Level 1:colcon.colcon_core.environment:checking '/home/reeve/Vacuum_Cleaner_nav/install/vacuum_slam/lib'
[9.144s] Level 1:colcon.colcon_core.environment:checking '/home/reeve/Vacuum_Cleaner_nav/install/vacuum_slam/bin'
[9.145s] Level 1:colcon.colcon_core.environment:checking '/home/reeve/Vacuum_Cleaner_nav/install/vacuum_slam/lib/pkgconfig/vacuum_slam.pc'
[9.146s] Level 1:colcon.colcon_core.environment:checking '/home/reeve/Vacuum_Cleaner_nav/install/vacuum_slam/lib/python3.10/site-packages'
[9.146s] Level 1:colcon.colcon_core.shell:create_environment_hook('vacuum_slam', 'pythonpath')
[9.147s] INFO:colcon.colcon_core.shell:Creating environment hook '/home/reeve/Vacuum_Cleaner_nav/install/vacuum_slam/share/vacuum_slam/hook/pythonpath.ps1'
[9.150s] INFO:colcon.colcon_core.shell:Creating environment descriptor '/home/reeve/Vacuum_Cleaner_nav/install/vacuum_slam/share/vacuum_slam/hook/pythonpath.dsv'
[9.152s] INFO:colcon.colcon_core.shell:Creating environment hook '/home/reeve/Vacuum_Cleaner_nav/install/vacuum_slam/share/vacuum_slam/hook/pythonpath.sh'
[9.156s] Level 1:colcon.colcon_core.environment:checking '/home/reeve/Vacuum_Cleaner_nav/install/vacuum_slam/bin'
[9.156s] Level 1:colcon.colcon_core.environment:create_environment_scripts_only(vacuum_slam)
[9.158s] INFO:colcon.colcon_core.shell:Creating package script '/home/reeve/Vacuum_Cleaner_nav/install/vacuum_slam/share/vacuum_slam/package.ps1'
[9.163s] INFO:colcon.colcon_core.shell:Creating package descriptor '/home/reeve/Vacuum_Cleaner_nav/install/vacuum_slam/share/vacuum_slam/package.dsv'
[9.167s] INFO:colcon.colcon_core.shell:Creating package script '/home/reeve/Vacuum_Cleaner_nav/install/vacuum_slam/share/vacuum_slam/package.sh'
[9.172s] INFO:colcon.colcon_core.shell:Creating package script '/home/reeve/Vacuum_Cleaner_nav/install/vacuum_slam/share/vacuum_slam/package.bash'
[9.178s] INFO:colcon.colcon_core.shell:Creating package script '/home/reeve/Vacuum_Cleaner_nav/install/vacuum_slam/share/vacuum_slam/package.zsh'
[9.183s] Level 1:colcon.colcon_core.environment:create_file_with_runtime_dependencies(/home/reeve/Vacuum_Cleaner_nav/install/vacuum_slam/share/colcon-core/packages/vacuum_slam)
[9.189s] Level 1:colcon.colcon_core.environment:checking '/home/reeve/Vacuum_Cleaner_nav/install/vacuum_odom' for CMake module files
[9.193s] DEBUG:colcon.colcon_core.event_handler.log_command:Invoked command in '/home/reeve/Vacuum_Cleaner_nav/src/vacuum_odom' returned '0': PYTHONPATH=/home/reeve/Vacuum_Cleaner_nav/build/vacuum_odom/prefix_override:/usr/lib/python3/dist-packages/colcon_core/task/python/colcon_distutils_commands:/home/reeve/Vacuum_Cleaner_nav/install/vacuum_odom/lib/python3.10/site-packages:${PYTHONPATH} /usr/bin/python3 -W ignore:setup.py install is deprecated -W ignore:easy_install command is deprecated setup.py egg_info --egg-base ../../build/vacuum_odom build --build-base /home/reeve/Vacuum_Cleaner_nav/build/vacuum_odom/build install --record /home/reeve/Vacuum_Cleaner_nav/build/vacuum_odom/install.log --single-version-externally-managed install_data
[9.195s] Level 1:colcon.colcon_core.environment:checking '/home/reeve/Vacuum_Cleaner_nav/install/vacuum_odom' for CMake config files
[9.200s] Level 1:colcon.colcon_core.environment:checking '/home/reeve/Vacuum_Cleaner_nav/install/vacuum_odom/lib'
[9.201s] Level 1:colcon.colcon_core.environment:checking '/home/reeve/Vacuum_Cleaner_nav/install/vacuum_odom/bin'
[9.201s] Level 1:colcon.colcon_core.environment:checking '/home/reeve/Vacuum_Cleaner_nav/install/vacuum_odom/lib/pkgconfig/vacuum_odom.pc'
[9.203s] Level 1:colcon.colcon_core.environment:checking '/home/reeve/Vacuum_Cleaner_nav/install/vacuum_odom/lib/python3.10/site-packages'
[9.203s] Level 1:colcon.colcon_core.shell:create_environment_hook('vacuum_odom', 'pythonpath')
[9.205s] INFO:colcon.colcon_core.shell:Creating environment hook '/home/reeve/Vacuum_Cleaner_nav/install/vacuum_odom/share/vacuum_odom/hook/pythonpath.ps1'
[9.207s] INFO:colcon.colcon_core.shell:Creating environment descriptor '/home/reeve/Vacuum_Cleaner_nav/install/vacuum_odom/share/vacuum_odom/hook/pythonpath.dsv'
[9.211s] INFO:colcon.colcon_core.shell:Creating environment hook '/home/reeve/Vacuum_Cleaner_nav/install/vacuum_odom/share/vacuum_odom/hook/pythonpath.sh'
[9.214s] Level 1:colcon.colcon_core.environment:checking '/home/reeve/Vacuum_Cleaner_nav/install/vacuum_odom/bin'
[9.214s] Level 1:colcon.colcon_core.environment:create_environment_scripts_only(vacuum_odom)
[9.216s] INFO:colcon.colcon_core.shell:Creating package script '/home/reeve/Vacuum_Cleaner_nav/install/vacuum_odom/share/vacuum_odom/package.ps1'
[9.218s] INFO:colcon.colcon_core.shell:Creating package descriptor '/home/reeve/Vacuum_Cleaner_nav/install/vacuum_odom/share/vacuum_odom/package.dsv'
[9.221s] INFO:colcon.colcon_core.shell:Creating package script '/home/reeve/Vacuum_Cleaner_nav/install/vacuum_odom/share/vacuum_odom/package.sh'
[9.223s] INFO:colcon.colcon_core.shell:Creating package script '/home/reeve/Vacuum_Cleaner_nav/install/vacuum_odom/share/vacuum_odom/package.bash'
[9.225s] INFO:colcon.colcon_core.shell:Creating package script '/home/reeve/Vacuum_Cleaner_nav/install/vacuum_odom/share/vacuum_odom/package.zsh'
[9.227s] Level 1:colcon.colcon_core.environment:create_file_with_runtime_dependencies(/home/reeve/Vacuum_Cleaner_nav/install/vacuum_odom/share/colcon-core/packages/vacuum_odom)
[9.228s] DEBUG:colcon.colcon_parallel_executor.executor.parallel:closing loop
[9.229s] DEBUG:colcon.colcon_parallel_executor.executor.parallel:loop closed
[9.230s] DEBUG:colcon.colcon_parallel_executor.executor.parallel:run_until_complete finished with '0'
[9.230s] DEBUG:colcon.colcon_core.event_reactor:joining thread
[9.260s] INFO:colcon.colcon_core.plugin_system:Skipping extension 'colcon_notification.desktop_notification.terminal_notifier': Not used on non-Darwin systems
[9.260s] INFO:colcon.colcon_core.plugin_system:Skipping extension 'colcon_notification.desktop_notification.win32': Not used on non-Windows systems
[9.260s] INFO:colcon.colcon_notification.desktop_notification:Sending desktop notification using 'notify2'
[9.266s] DEBUG:colcon.colcon_notification.desktop_notification.notify2:Failed to initialize notify2: org.freedesktop.DBus.Error.ServiceUnknown: The name org.freedesktop.Notifications was not provided by any .service files
[9.266s] DEBUG:colcon.colcon_core.event_reactor:joined thread
[9.268s] INFO:colcon.colcon_core.shell:Creating prefix script '/home/reeve/Vacuum_Cleaner_nav/install/local_setup.ps1'
[9.273s] INFO:colcon.colcon_core.shell:Creating prefix util module '/home/reeve/Vacuum_Cleaner_nav/install/_local_setup_util_ps1.py'
[9.281s] INFO:colcon.colcon_core.shell:Creating prefix chain script '/home/reeve/Vacuum_Cleaner_nav/install/setup.ps1'
[9.286s] INFO:colcon.colcon_core.shell:Creating prefix script '/home/reeve/Vacuum_Cleaner_nav/install/local_setup.sh'
[9.290s] INFO:colcon.colcon_core.shell:Creating prefix util module '/home/reeve/Vacuum_Cleaner_nav/install/_local_setup_util_sh.py'
[9.293s] INFO:colcon.colcon_core.shell:Creating prefix chain script '/home/reeve/Vacuum_Cleaner_nav/install/setup.sh'
[9.298s] INFO:colcon.colcon_core.shell:Creating prefix script '/home/reeve/Vacuum_Cleaner_nav/install/local_setup.bash'
[9.302s] INFO:colcon.colcon_core.shell:Creating prefix chain script '/home/reeve/Vacuum_Cleaner_nav/install/setup.bash'
[9.306s] INFO:colcon.colcon_core.shell:Creating prefix script '/home/reeve/Vacuum_Cleaner_nav/install/local_setup.zsh'
[9.312s] INFO:colcon.colcon_core.shell:Creating prefix chain script '/home/reeve/Vacuum_Cleaner_nav/install/setup.zsh'
