running egg_info
creating ../../build/vacuum_slam/vacuum_slam.egg-info
writing ../../build/vacuum_slam/vacuum_slam.egg-info/PKG-INFO
writing dependency_links to ../../build/vacuum_slam/vacuum_slam.egg-info/dependency_links.txt
writing entry points to ../../build/vacuum_slam/vacuum_slam.egg-info/entry_points.txt
writing requirements to ../../build/vacuum_slam/vacuum_slam.egg-info/requires.txt
writing top-level names to ../../build/vacuum_slam/vacuum_slam.egg-info/top_level.txt
writing manifest file '../../build/vacuum_slam/vacuum_slam.egg-info/SOURCES.txt'
reading manifest file '../../build/vacuum_slam/vacuum_slam.egg-info/SOURCES.txt'
writing manifest file '../../build/vacuum_slam/vacuum_slam.egg-info/SOURCES.txt'
running build
running build_py
creating /home/reeve/Vacuum_Cleaner_nav/build/vacuum_slam/build
creating /home/reeve/Vacuum_Cleaner_nav/build/vacuum_slam/build/lib
creating /home/reeve/Vacuum_Cleaner_nav/build/vacuum_slam/build/lib/vacuum_slam
copying vacuum_slam/__init__.py -> /home/reeve/Vacuum_Cleaner_nav/build/vacuum_slam/build/lib/vacuum_slam
running install
running install_lib
creating /home/reeve/Vacuum_Cleaner_nav/install/vacuum_slam/lib/python3.10/site-packages/vacuum_slam
copying /home/reeve/Vacuum_Cleaner_nav/build/vacuum_slam/build/lib/vacuum_slam/__init__.py -> /home/reeve/Vacuum_Cleaner_nav/install/vacuum_slam/lib/python3.10/site-packages/vacuum_slam
byte-compiling /home/reeve/Vacuum_Cleaner_nav/install/vacuum_slam/lib/python3.10/site-packages/vacuum_slam/__init__.py to __init__.cpython-310.pyc
running install_data
creating /home/reeve/Vacuum_Cleaner_nav/install/vacuum_slam/share/ament_index
creating /home/reeve/Vacuum_Cleaner_nav/install/vacuum_slam/share/ament_index/resource_index
creating /home/reeve/Vacuum_Cleaner_nav/install/vacuum_slam/share/ament_index/resource_index/packages
copying resource/vacuum_slam -> /home/reeve/Vacuum_Cleaner_nav/install/vacuum_slam/share/ament_index/resource_index/packages
copying package.xml -> /home/reeve/Vacuum_Cleaner_nav/install/vacuum_slam/share/vacuum_slam
creating /home/reeve/Vacuum_Cleaner_nav/install/vacuum_slam/share/vacuum_slam/launch
copying launch/online_async_launch.py -> /home/reeve/Vacuum_Cleaner_nav/install/vacuum_slam/share/vacuum_slam/launch
creating /home/reeve/Vacuum_Cleaner_nav/install/vacuum_slam/share/vacuum_slam/config
copying config/mapper_params_online_async.yaml -> /home/reeve/Vacuum_Cleaner_nav/install/vacuum_slam/share/vacuum_slam/config
running install_egg_info
Copying ../../build/vacuum_slam/vacuum_slam.egg-info to /home/reeve/Vacuum_Cleaner_nav/install/vacuum_slam/lib/python3.10/site-packages/vacuum_slam-0.0.0-py3.10.egg-info
running install_scripts
writing list of installed files to '/home/reeve/Vacuum_Cleaner_nav/build/vacuum_slam/install.log'
