[0.430s] DEBUG:colcon:Command line arguments: ['/usr/bin/colcon', 'build']
[0.431s] DEBUG:colcon:Parsed command line arguments: Namespace(log_base=None, log_level=None, verb_name='build', build_base='build', install_base='install', merge_install=False, symlink_install=False, test_result_base=None, continue_on_error=False, executor='parallel', parallel_workers=4, event_handlers=None, ignore_user_meta=False, metas=['./colcon.meta'], base_paths=['.'], packages_ignore=None, packages_ignore_regex=None, paths=None, packages_up_to=None, packages_up_to_regex=None, packages_above=None, packages_above_and_dependencies=None, packages_above_depth=None, packages_select_by_dep=None, packages_skip_by_dep=None, packages_skip_up_to=None, packages_select_build_failed=False, packages_skip_build_finished=False, packages_select_test_failures=False, packages_skip_test_passed=False, packages_select=None, packages_skip=None, packages_select_regex=None, packages_skip_regex=None, packages_start=None, packages_end=None, allow_overriding=[], cmake_args=None, cmake_target=None, cmake_target_skip_unavailable=False, cmake_clean_cache=False, cmake_clean_first=False, cmake_force_configure=False, ament_cmake_args=None, catkin_cmake_args=None, catkin_skip_building_tests=False, verb_parser=<colcon_defaults.argument_parser.defaults.DefaultArgumentsDecorator object at 0xffff8a0a75b0>, verb_extension=<colcon_core.verb.build.BuildVerb object at 0xffff8a294940>, main=<bound method BuildVerb.main of <colcon_core.verb.build.BuildVerb object at 0xffff8a294940>>)
[1.243s] Level 1:colcon.colcon_core.package_discovery:discover_packages(colcon_meta) check parameters
[1.243s] Level 1:colcon.colcon_core.package_discovery:discover_packages(recursive) check parameters
[1.243s] Level 1:colcon.colcon_core.package_discovery:discover_packages(ignore) check parameters
[1.243s] Level 1:colcon.colcon_core.package_discovery:discover_packages(path) check parameters
[1.243s] Level 1:colcon.colcon_core.package_discovery:discover_packages(colcon_meta) discover
[1.244s] Level 1:colcon.colcon_core.package_discovery:discover_packages(recursive) discover
[1.244s] INFO:colcon.colcon_core.package_discovery:Crawling recursively for packages in '/home/reeve/Vacuum_Cleaner_nav'
[1.244s] Level 1:colcon.colcon_core.package_identification:_identify(.) by extensions ['ignore', 'ignore_ament_install']
[1.245s] Level 1:colcon.colcon_core.package_identification:_identify(.) by extension 'ignore'
[1.245s] Level 1:colcon.colcon_core.package_identification:_identify(.) by extension 'ignore_ament_install'
[1.245s] Level 1:colcon.colcon_core.package_identification:_identify(.) by extensions ['colcon_pkg']
[1.245s] Level 1:colcon.colcon_core.package_identification:_identify(.) by extension 'colcon_pkg'
[1.245s] Level 1:colcon.colcon_core.package_identification:_identify(.) by extensions ['colcon_meta']
[1.245s] Level 1:colcon.colcon_core.package_identification:_identify(.) by extension 'colcon_meta'
[1.246s] Level 1:colcon.colcon_core.package_identification:_identify(.) by extensions ['ros']
[1.246s] Level 1:colcon.colcon_core.package_identification:_identify(.) by extension 'ros'
[1.292s] Level 1:colcon.colcon_core.package_identification:_identify(.) by extensions ['cmake', 'python']
[1.292s] Level 1:colcon.colcon_core.package_identification:_identify(.) by extension 'cmake'
[1.293s] Level 1:colcon.colcon_core.package_identification:_identify(.) by extension 'python'
[1.293s] Level 1:colcon.colcon_core.package_identification:_identify(.) by extensions ['python_setup_py']
[1.293s] Level 1:colcon.colcon_core.package_identification:_identify(.) by extension 'python_setup_py'
[1.293s] Level 1:colcon.colcon_core.package_identification:_identify(build) by extensions ['ignore', 'ignore_ament_install']
[1.294s] Level 1:colcon.colcon_core.package_identification:_identify(build) by extension 'ignore'
[1.294s] Level 1:colcon.colcon_core.package_identification:_identify(build) ignored
[1.294s] Level 1:colcon.colcon_core.package_identification:_identify(install) by extensions ['ignore', 'ignore_ament_install']
[1.295s] Level 1:colcon.colcon_core.package_identification:_identify(install) by extension 'ignore'
[1.295s] Level 1:colcon.colcon_core.package_identification:_identify(install) ignored
[1.295s] Level 1:colcon.colcon_core.package_identification:_identify(log) by extensions ['ignore', 'ignore_ament_install']
[1.296s] Level 1:colcon.colcon_core.package_identification:_identify(log) by extension 'ignore'
[1.296s] Level 1:colcon.colcon_core.package_identification:_identify(log) ignored
[1.296s] Level 1:colcon.colcon_core.package_identification:_identify(src) by extensions ['ignore', 'ignore_ament_install']
[1.296s] Level 1:colcon.colcon_core.package_identification:_identify(src) by extension 'ignore'
[1.297s] Level 1:colcon.colcon_core.package_identification:_identify(src) by extension 'ignore_ament_install'
[1.297s] Level 1:colcon.colcon_core.package_identification:_identify(src) by extensions ['colcon_pkg']
[1.297s] Level 1:colcon.colcon_core.package_identification:_identify(src) by extension 'colcon_pkg'
[1.297s] Level 1:colcon.colcon_core.package_identification:_identify(src) by extensions ['colcon_meta']
[1.297s] Level 1:colcon.colcon_core.package_identification:_identify(src) by extension 'colcon_meta'
[1.297s] Level 1:colcon.colcon_core.package_identification:_identify(src) by extensions ['ros']
[1.298s] Level 1:colcon.colcon_core.package_identification:_identify(src) by extension 'ros'
[1.298s] Level 1:colcon.colcon_core.package_identification:_identify(src) by extensions ['cmake', 'python']
[1.298s] Level 1:colcon.colcon_core.package_identification:_identify(src) by extension 'cmake'
[1.298s] Level 1:colcon.colcon_core.package_identification:_identify(src) by extension 'python'
[1.298s] Level 1:colcon.colcon_core.package_identification:_identify(src) by extensions ['python_setup_py']
[1.298s] Level 1:colcon.colcon_core.package_identification:_identify(src) by extension 'python_setup_py'
[1.299s] Level 1:colcon.colcon_core.package_identification:_identify(src/ldlidar_sl_ros2) by extensions ['ignore', 'ignore_ament_install']
[1.299s] Level 1:colcon.colcon_core.package_identification:_identify(src/ldlidar_sl_ros2) by extension 'ignore'
[1.299s] Level 1:colcon.colcon_core.package_identification:_identify(src/ldlidar_sl_ros2) by extension 'ignore_ament_install'
[1.300s] Level 1:colcon.colcon_core.package_identification:_identify(src/ldlidar_sl_ros2) by extensions ['colcon_pkg']
[1.300s] Level 1:colcon.colcon_core.package_identification:_identify(src/ldlidar_sl_ros2) by extension 'colcon_pkg'
[1.300s] Level 1:colcon.colcon_core.package_identification:_identify(src/ldlidar_sl_ros2) by extensions ['colcon_meta']
[1.300s] Level 1:colcon.colcon_core.package_identification:_identify(src/ldlidar_sl_ros2) by extension 'colcon_meta'
[1.300s] Level 1:colcon.colcon_core.package_identification:_identify(src/ldlidar_sl_ros2) by extensions ['ros']
[1.300s] Level 1:colcon.colcon_core.package_identification:_identify(src/ldlidar_sl_ros2) by extension 'ros'
[1.310s] DEBUG:colcon.colcon_core.package_identification:Package 'src/ldlidar_sl_ros2' with type 'ros.ament_cmake' and name 'ldlidar_sl_ros2'
[1.310s] Level 1:colcon.colcon_core.package_identification:_identify(src/vacuum_odom) by extensions ['ignore', 'ignore_ament_install']
[1.311s] Level 1:colcon.colcon_core.package_identification:_identify(src/vacuum_odom) by extension 'ignore'
[1.311s] Level 1:colcon.colcon_core.package_identification:_identify(src/vacuum_odom) by extension 'ignore_ament_install'
[1.311s] Level 1:colcon.colcon_core.package_identification:_identify(src/vacuum_odom) by extensions ['colcon_pkg']
[1.311s] Level 1:colcon.colcon_core.package_identification:_identify(src/vacuum_odom) by extension 'colcon_pkg'
[1.311s] Level 1:colcon.colcon_core.package_identification:_identify(src/vacuum_odom) by extensions ['colcon_meta']
[1.311s] Level 1:colcon.colcon_core.package_identification:_identify(src/vacuum_odom) by extension 'colcon_meta'
[1.312s] Level 1:colcon.colcon_core.package_identification:_identify(src/vacuum_odom) by extensions ['ros']
[1.312s] Level 1:colcon.colcon_core.package_identification:_identify(src/vacuum_odom) by extension 'ros'
[1.315s] DEBUG:colcon.colcon_core.package_identification:Package 'src/vacuum_odom' with type 'ros.ament_python' and name 'vacuum_odom'
[1.316s] Level 1:colcon.colcon_core.package_identification:_identify(src/vacuum_slam) by extensions ['ignore', 'ignore_ament_install']
[1.316s] Level 1:colcon.colcon_core.package_identification:_identify(src/vacuum_slam) by extension 'ignore'
[1.317s] Level 1:colcon.colcon_core.package_identification:_identify(src/vacuum_slam) by extension 'ignore_ament_install'
[1.317s] Level 1:colcon.colcon_core.package_identification:_identify(src/vacuum_slam) by extensions ['colcon_pkg']
[1.317s] Level 1:colcon.colcon_core.package_identification:_identify(src/vacuum_slam) by extension 'colcon_pkg'
[1.317s] Level 1:colcon.colcon_core.package_identification:_identify(src/vacuum_slam) by extensions ['colcon_meta']
[1.317s] Level 1:colcon.colcon_core.package_identification:_identify(src/vacuum_slam) by extension 'colcon_meta'
[1.317s] Level 1:colcon.colcon_core.package_identification:_identify(src/vacuum_slam) by extensions ['ros']
[1.318s] Level 1:colcon.colcon_core.package_identification:_identify(src/vacuum_slam) by extension 'ros'
[1.320s] DEBUG:colcon.colcon_core.package_identification:Package 'src/vacuum_slam' with type 'ros.ament_python' and name 'vacuum_slam'
[1.321s] Level 1:colcon.colcon_core.package_discovery:discover_packages(recursive) using defaults
[1.321s] Level 1:colcon.colcon_core.package_discovery:discover_packages(ignore) discover
[1.321s] Level 1:colcon.colcon_core.package_discovery:discover_packages(ignore) using defaults
[1.321s] Level 1:colcon.colcon_core.package_discovery:discover_packages(path) discover
[1.321s] Level 1:colcon.colcon_core.package_discovery:discover_packages(path) using defaults
[1.439s] Level 1:colcon.colcon_core.package_discovery:discover_packages(prefix_path) check parameters
[1.439s] Level 1:colcon.colcon_core.package_discovery:discover_packages(prefix_path) discover
[1.443s] WARNING:colcon.colcon_core.prefix_path.colcon:The path '/home/reeve/Vacuum_Cleaner_nav/src/ldlidar_sl_ros2/install' in the environment variable COLCON_PREFIX_PATH doesn't exist
[1.444s] WARNING:colcon.colcon_ros.prefix_path.ament:The path '/home/reeve/Vacuum_Cleaner_nav/src/ldlidar_sl_ros2/install/ldlidar_sl_ros2' in the environment variable AMENT_PREFIX_PATH doesn't exist
[1.444s] WARNING:colcon.colcon_ros.prefix_path.ament:The path '/home/reeve/Vacuum_Cleaner_nav/install/vacuum_slam' in the environment variable AMENT_PREFIX_PATH doesn't exist
[1.444s] WARNING:colcon.colcon_ros.prefix_path.ament:The path '/home/reeve/Vacuum_Cleaner_nav/install/vacuum_odom' in the environment variable AMENT_PREFIX_PATH doesn't exist
[1.444s] WARNING:colcon.colcon_ros.prefix_path.ament:The path '/home/reeve/Vacuum_Cleaner_nav/install/ldlidar_sl_ros2' in the environment variable AMENT_PREFIX_PATH doesn't exist
[1.445s] WARNING:colcon.colcon_ros.prefix_path.catkin:The path '/home/reeve/Vacuum_Cleaner_nav/src/ldlidar_sl_ros2/install/ldlidar_sl_ros2' in the environment variable CMAKE_PREFIX_PATH doesn't exist
[1.445s] WARNING:colcon.colcon_ros.prefix_path.catkin:The path '/home/reeve/Vacuum_Cleaner_nav/install/ldlidar_sl_ros2' in the environment variable CMAKE_PREFIX_PATH doesn't exist
[1.448s] DEBUG:colcon.colcon_installed_package_information.package_discovery:Found 0 installed packages in /home/reeve/Vacuum_Cleaner_nav/install
[1.457s] DEBUG:colcon.colcon_installed_package_information.package_discovery:Found 276 installed packages in /opt/ros/humble
[1.463s] Level 1:colcon.colcon_core.package_discovery:discover_packages(prefix_path) using defaults
[1.628s] Level 5:colcon.colcon_core.verb:set package 'ldlidar_sl_ros2' build argument 'cmake_args' from command line to 'None'
[1.628s] Level 5:colcon.colcon_core.verb:set package 'ldlidar_sl_ros2' build argument 'cmake_target' from command line to 'None'
[1.628s] Level 5:colcon.colcon_core.verb:set package 'ldlidar_sl_ros2' build argument 'cmake_target_skip_unavailable' from command line to 'False'
[1.628s] Level 5:colcon.colcon_core.verb:set package 'ldlidar_sl_ros2' build argument 'cmake_clean_cache' from command line to 'False'
[1.628s] Level 5:colcon.colcon_core.verb:set package 'ldlidar_sl_ros2' build argument 'cmake_clean_first' from command line to 'False'
[1.628s] Level 5:colcon.colcon_core.verb:set package 'ldlidar_sl_ros2' build argument 'cmake_force_configure' from command line to 'False'
[1.629s] Level 5:colcon.colcon_core.verb:set package 'ldlidar_sl_ros2' build argument 'ament_cmake_args' from command line to 'None'
[1.629s] Level 5:colcon.colcon_core.verb:set package 'ldlidar_sl_ros2' build argument 'catkin_cmake_args' from command line to 'None'
[1.629s] Level 5:colcon.colcon_core.verb:set package 'ldlidar_sl_ros2' build argument 'catkin_skip_building_tests' from command line to 'False'
[1.629s] DEBUG:colcon.colcon_core.verb:Building package 'ldlidar_sl_ros2' with the following arguments: {'ament_cmake_args': None, 'build_base': '/home/reeve/Vacuum_Cleaner_nav/build/ldlidar_sl_ros2', 'catkin_cmake_args': None, 'catkin_skip_building_tests': False, 'cmake_args': None, 'cmake_clean_cache': False, 'cmake_clean_first': False, 'cmake_force_configure': False, 'cmake_target': None, 'cmake_target_skip_unavailable': False, 'install_base': '/home/reeve/Vacuum_Cleaner_nav/install/ldlidar_sl_ros2', 'merge_install': False, 'path': '/home/reeve/Vacuum_Cleaner_nav/src/ldlidar_sl_ros2', 'symlink_install': False, 'test_result_base': None}
[1.630s] Level 5:colcon.colcon_core.verb:set package 'vacuum_odom' build argument 'cmake_args' from command line to 'None'
[1.631s] Level 5:colcon.colcon_core.verb:set package 'vacuum_odom' build argument 'cmake_target' from command line to 'None'
[1.631s] Level 5:colcon.colcon_core.verb:set package 'vacuum_odom' build argument 'cmake_target_skip_unavailable' from command line to 'False'
[1.631s] Level 5:colcon.colcon_core.verb:set package 'vacuum_odom' build argument 'cmake_clean_cache' from command line to 'False'
[1.631s] Level 5:colcon.colcon_core.verb:set package 'vacuum_odom' build argument 'cmake_clean_first' from command line to 'False'
[1.631s] Level 5:colcon.colcon_core.verb:set package 'vacuum_odom' build argument 'cmake_force_configure' from command line to 'False'
[1.631s] Level 5:colcon.colcon_core.verb:set package 'vacuum_odom' build argument 'ament_cmake_args' from command line to 'None'
[1.631s] Level 5:colcon.colcon_core.verb:set package 'vacuum_odom' build argument 'catkin_cmake_args' from command line to 'None'
[1.631s] Level 5:colcon.colcon_core.verb:set package 'vacuum_odom' build argument 'catkin_skip_building_tests' from command line to 'False'
[1.631s] DEBUG:colcon.colcon_core.verb:Building package 'vacuum_odom' with the following arguments: {'ament_cmake_args': None, 'build_base': '/home/reeve/Vacuum_Cleaner_nav/build/vacuum_odom', 'catkin_cmake_args': None, 'catkin_skip_building_tests': False, 'cmake_args': None, 'cmake_clean_cache': False, 'cmake_clean_first': False, 'cmake_force_configure': False, 'cmake_target': None, 'cmake_target_skip_unavailable': False, 'install_base': '/home/reeve/Vacuum_Cleaner_nav/install/vacuum_odom', 'merge_install': False, 'path': '/home/reeve/Vacuum_Cleaner_nav/src/vacuum_odom', 'symlink_install': False, 'test_result_base': None}
[1.633s] Level 5:colcon.colcon_core.verb:set package 'vacuum_slam' build argument 'cmake_args' from command line to 'None'
[1.633s] Level 5:colcon.colcon_core.verb:set package 'vacuum_slam' build argument 'cmake_target' from command line to 'None'
[1.633s] Level 5:colcon.colcon_core.verb:set package 'vacuum_slam' build argument 'cmake_target_skip_unavailable' from command line to 'False'
[1.633s] Level 5:colcon.colcon_core.verb:set package 'vacuum_slam' build argument 'cmake_clean_cache' from command line to 'False'
[1.633s] Level 5:colcon.colcon_core.verb:set package 'vacuum_slam' build argument 'cmake_clean_first' from command line to 'False'
[1.633s] Level 5:colcon.colcon_core.verb:set package 'vacuum_slam' build argument 'cmake_force_configure' from command line to 'False'
[1.633s] Level 5:colcon.colcon_core.verb:set package 'vacuum_slam' build argument 'ament_cmake_args' from command line to 'None'
[1.634s] Level 5:colcon.colcon_core.verb:set package 'vacuum_slam' build argument 'catkin_cmake_args' from command line to 'None'
[1.634s] Level 5:colcon.colcon_core.verb:set package 'vacuum_slam' build argument 'catkin_skip_building_tests' from command line to 'False'
[1.634s] DEBUG:colcon.colcon_core.verb:Building package 'vacuum_slam' with the following arguments: {'ament_cmake_args': None, 'build_base': '/home/reeve/Vacuum_Cleaner_nav/build/vacuum_slam', 'catkin_cmake_args': None, 'catkin_skip_building_tests': False, 'cmake_args': None, 'cmake_clean_cache': False, 'cmake_clean_first': False, 'cmake_force_configure': False, 'cmake_target': None, 'cmake_target_skip_unavailable': False, 'install_base': '/home/reeve/Vacuum_Cleaner_nav/install/vacuum_slam', 'merge_install': False, 'path': '/home/reeve/Vacuum_Cleaner_nav/src/vacuum_slam', 'symlink_install': False, 'test_result_base': None}
[1.634s] INFO:colcon.colcon_core.executor:Executing jobs using 'parallel' executor
[1.637s] DEBUG:colcon.colcon_parallel_executor.executor.parallel:run_until_complete
[1.638s] INFO:colcon.colcon_ros.task.ament_cmake.build:Building ROS package in '/home/reeve/Vacuum_Cleaner_nav/src/ldlidar_sl_ros2' with build type 'ament_cmake'
[1.639s] INFO:colcon.colcon_cmake.task.cmake.build:Building CMake package in '/home/reeve/Vacuum_Cleaner_nav/src/ldlidar_sl_ros2'
[1.648s] INFO:colcon.colcon_core.plugin_system:Skipping extension 'colcon_core.shell.bat': Not used on non-Windows systems
[1.649s] INFO:colcon.colcon_core.shell:Skip shell extension 'powershell' for command environment: Not usable outside of PowerShell
[1.650s] DEBUG:colcon.colcon_core.shell:Skip shell extension 'dsv' for command environment
[1.667s] INFO:colcon.colcon_ros.task.ament_python.build:Building ROS package in '/home/reeve/Vacuum_Cleaner_nav/src/vacuum_odom' with build type 'ament_python'
[1.667s] Level 1:colcon.colcon_core.shell:create_environment_hook('vacuum_odom', 'ament_prefix_path')
[1.669s] INFO:colcon.colcon_core.shell:Creating environment hook '/home/reeve/Vacuum_Cleaner_nav/install/vacuum_odom/share/vacuum_odom/hook/ament_prefix_path.ps1'
[1.672s] INFO:colcon.colcon_core.shell:Creating environment descriptor '/home/reeve/Vacuum_Cleaner_nav/install/vacuum_odom/share/vacuum_odom/hook/ament_prefix_path.dsv'
[1.674s] INFO:colcon.colcon_core.shell:Creating environment hook '/home/reeve/Vacuum_Cleaner_nav/install/vacuum_odom/share/vacuum_odom/hook/ament_prefix_path.sh'
[1.678s] INFO:colcon.colcon_core.shell:Skip shell extension 'powershell' for command environment: Not usable outside of PowerShell
[1.679s] DEBUG:colcon.colcon_core.shell:Skip shell extension 'dsv' for command environment
[1.695s] INFO:colcon.colcon_ros.task.ament_python.build:Building ROS package in '/home/reeve/Vacuum_Cleaner_nav/src/vacuum_slam' with build type 'ament_python'
[1.696s] Level 1:colcon.colcon_core.shell:create_environment_hook('vacuum_slam', 'ament_prefix_path')
[1.697s] INFO:colcon.colcon_core.shell:Creating environment hook '/home/reeve/Vacuum_Cleaner_nav/install/vacuum_slam/share/vacuum_slam/hook/ament_prefix_path.ps1'
[1.700s] INFO:colcon.colcon_core.shell:Creating environment descriptor '/home/reeve/Vacuum_Cleaner_nav/install/vacuum_slam/share/vacuum_slam/hook/ament_prefix_path.dsv'
[1.702s] INFO:colcon.colcon_core.shell:Creating environment hook '/home/reeve/Vacuum_Cleaner_nav/install/vacuum_slam/share/vacuum_slam/hook/ament_prefix_path.sh'
[1.706s] INFO:colcon.colcon_core.shell:Skip shell extension 'powershell' for command environment: Not usable outside of PowerShell
[1.706s] DEBUG:colcon.colcon_core.shell:Skip shell extension 'dsv' for command environment
[1.736s] DEBUG:colcon.colcon_core.event_handler.log_command:Invoking command in '/home/reeve/Vacuum_Cleaner_nav/build/ldlidar_sl_ros2': CMAKE_PREFIX_PATH=${CMAKE_PREFIX_PATH}:/home/reeve/Vacuum_Cleaner_nav/install/vacuum_slam:/home/reeve/Vacuum_Cleaner_nav/install/vacuum_odom:/opt/ros/humble /usr/bin/cmake /home/reeve/Vacuum_Cleaner_nav/src/ldlidar_sl_ros2 -DCMAKE_INSTALL_PREFIX=/home/reeve/Vacuum_Cleaner_nav/install/ldlidar_sl_ros2
[3.380s] INFO:colcon.colcon_core.task.python.build:Building Python package in '/home/reeve/Vacuum_Cleaner_nav/src/vacuum_odom'
[3.382s] INFO:colcon.colcon_core.shell:Skip shell extension 'powershell' for command environment: Not usable outside of PowerShell
[3.382s] DEBUG:colcon.colcon_core.shell:Skip shell extension 'dsv' for command environment
[4.834s] INFO:colcon.colcon_core.task.python.build:Building Python package in '/home/reeve/Vacuum_Cleaner_nav/src/vacuum_slam'
[4.836s] INFO:colcon.colcon_core.shell:Skip shell extension 'powershell' for command environment: Not usable outside of PowerShell
[4.836s] DEBUG:colcon.colcon_core.shell:Skip shell extension 'dsv' for command environment
[6.692s] DEBUG:colcon.colcon_core.event_handler.log_command:Invoking command in '/home/reeve/Vacuum_Cleaner_nav/src/vacuum_odom': PYTHONPATH=/home/reeve/Vacuum_Cleaner_nav/build/vacuum_odom/prefix_override:/usr/lib/python3/dist-packages/colcon_core/task/python/colcon_distutils_commands:/home/reeve/Vacuum_Cleaner_nav/install/vacuum_odom/lib/python3.10/site-packages:${PYTHONPATH} /usr/bin/python3 -W ignore:setup.py install is deprecated -W ignore:easy_install command is deprecated setup.py egg_info --egg-base ../../build/vacuum_odom build --build-base /home/reeve/Vacuum_Cleaner_nav/build/vacuum_odom/build install --record /home/reeve/Vacuum_Cleaner_nav/build/vacuum_odom/install.log --single-version-externally-managed install_data
[6.868s] DEBUG:colcon.colcon_core.event_handler.log_command:Invoking command in '/home/reeve/Vacuum_Cleaner_nav/src/vacuum_slam': PYTHONPATH=/home/reeve/Vacuum_Cleaner_nav/build/vacuum_slam/prefix_override:/usr/lib/python3/dist-packages/colcon_core/task/python/colcon_distutils_commands:/home/reeve/Vacuum_Cleaner_nav/install/vacuum_slam/lib/python3.10/site-packages:${PYTHONPATH} /usr/bin/python3 -W ignore:setup.py install is deprecated -W ignore:easy_install command is deprecated setup.py egg_info --egg-base ../../build/vacuum_slam build --build-base /home/reeve/Vacuum_Cleaner_nav/build/vacuum_slam/build install --record /home/reeve/Vacuum_Cleaner_nav/build/vacuum_slam/install.log --single-version-externally-managed install_data
[8.728s] DEBUG:colcon.colcon_core.event_handler.log_command:Invoked command in '/home/reeve/Vacuum_Cleaner_nav/src/vacuum_odom' returned '0': PYTHONPATH=/home/reeve/Vacuum_Cleaner_nav/build/vacuum_odom/prefix_override:/usr/lib/python3/dist-packages/colcon_core/task/python/colcon_distutils_commands:/home/reeve/Vacuum_Cleaner_nav/install/vacuum_odom/lib/python3.10/site-packages:${PYTHONPATH} /usr/bin/python3 -W ignore:setup.py install is deprecated -W ignore:easy_install command is deprecated setup.py egg_info --egg-base ../../build/vacuum_odom build --build-base /home/reeve/Vacuum_Cleaner_nav/build/vacuum_odom/build install --record /home/reeve/Vacuum_Cleaner_nav/build/vacuum_odom/install.log --single-version-externally-managed install_data
[8.746s] Level 1:colcon.colcon_core.environment:checking '/home/reeve/Vacuum_Cleaner_nav/install/vacuum_odom' for CMake module files
[8.748s] Level 1:colcon.colcon_core.environment:checking '/home/reeve/Vacuum_Cleaner_nav/install/vacuum_odom' for CMake config files
[8.753s] Level 1:colcon.colcon_core.environment:checking '/home/reeve/Vacuum_Cleaner_nav/install/vacuum_odom/lib'
[8.754s] Level 1:colcon.colcon_core.environment:checking '/home/reeve/Vacuum_Cleaner_nav/install/vacuum_odom/bin'
[8.754s] Level 1:colcon.colcon_core.environment:checking '/home/reeve/Vacuum_Cleaner_nav/install/vacuum_odom/lib/pkgconfig/vacuum_odom.pc'
[8.755s] Level 1:colcon.colcon_core.environment:checking '/home/reeve/Vacuum_Cleaner_nav/install/vacuum_odom/lib/python3.10/site-packages'
[8.756s] Level 1:colcon.colcon_core.shell:create_environment_hook('vacuum_odom', 'pythonpath')
[8.757s] INFO:colcon.colcon_core.shell:Creating environment hook '/home/reeve/Vacuum_Cleaner_nav/install/vacuum_odom/share/vacuum_odom/hook/pythonpath.ps1'
[8.759s] INFO:colcon.colcon_core.shell:Creating environment descriptor '/home/reeve/Vacuum_Cleaner_nav/install/vacuum_odom/share/vacuum_odom/hook/pythonpath.dsv'
[8.761s] INFO:colcon.colcon_core.shell:Creating environment hook '/home/reeve/Vacuum_Cleaner_nav/install/vacuum_odom/share/vacuum_odom/hook/pythonpath.sh'
[8.764s] Level 1:colcon.colcon_core.environment:checking '/home/reeve/Vacuum_Cleaner_nav/install/vacuum_odom/bin'
[8.765s] Level 1:colcon.colcon_core.environment:create_environment_scripts_only(vacuum_odom)
[8.767s] INFO:colcon.colcon_core.shell:Creating package script '/home/reeve/Vacuum_Cleaner_nav/install/vacuum_odom/share/vacuum_odom/package.ps1'
[8.772s] INFO:colcon.colcon_core.shell:Creating package descriptor '/home/reeve/Vacuum_Cleaner_nav/install/vacuum_odom/share/vacuum_odom/package.dsv'
[8.776s] INFO:colcon.colcon_core.shell:Creating package script '/home/reeve/Vacuum_Cleaner_nav/install/vacuum_odom/share/vacuum_odom/package.sh'
[8.782s] INFO:colcon.colcon_core.shell:Creating package script '/home/reeve/Vacuum_Cleaner_nav/install/vacuum_odom/share/vacuum_odom/package.bash'
[8.786s] INFO:colcon.colcon_core.shell:Creating package script '/home/reeve/Vacuum_Cleaner_nav/install/vacuum_odom/share/vacuum_odom/package.zsh'
[8.790s] Level 1:colcon.colcon_core.environment:create_file_with_runtime_dependencies(/home/reeve/Vacuum_Cleaner_nav/install/vacuum_odom/share/colcon-core/packages/vacuum_odom)
[8.967s] Level 1:colcon.colcon_core.environment:checking '/home/reeve/Vacuum_Cleaner_nav/install/vacuum_slam' for CMake module files
[8.970s] Level 1:colcon.colcon_core.environment:checking '/home/reeve/Vacuum_Cleaner_nav/install/vacuum_slam' for CMake config files
[8.974s] DEBUG:colcon.colcon_core.event_handler.log_command:Invoked command in '/home/reeve/Vacuum_Cleaner_nav/src/vacuum_slam' returned '0': PYTHONPATH=/home/reeve/Vacuum_Cleaner_nav/build/vacuum_slam/prefix_override:/usr/lib/python3/dist-packages/colcon_core/task/python/colcon_distutils_commands:/home/reeve/Vacuum_Cleaner_nav/install/vacuum_slam/lib/python3.10/site-packages:${PYTHONPATH} /usr/bin/python3 -W ignore:setup.py install is deprecated -W ignore:easy_install command is deprecated setup.py egg_info --egg-base ../../build/vacuum_slam build --build-base /home/reeve/Vacuum_Cleaner_nav/build/vacuum_slam/build install --record /home/reeve/Vacuum_Cleaner_nav/build/vacuum_slam/install.log --single-version-externally-managed install_data
[8.983s] Level 1:colcon.colcon_core.environment:checking '/home/reeve/Vacuum_Cleaner_nav/install/vacuum_slam/lib'
[8.983s] Level 1:colcon.colcon_core.environment:checking '/home/reeve/Vacuum_Cleaner_nav/install/vacuum_slam/bin'
[8.984s] Level 1:colcon.colcon_core.environment:checking '/home/reeve/Vacuum_Cleaner_nav/install/vacuum_slam/lib/pkgconfig/vacuum_slam.pc'
[8.990s] Level 1:colcon.colcon_core.environment:checking '/home/reeve/Vacuum_Cleaner_nav/install/vacuum_slam/lib/python3.10/site-packages'
[8.990s] Level 1:colcon.colcon_core.shell:create_environment_hook('vacuum_slam', 'pythonpath')
[8.991s] INFO:colcon.colcon_core.shell:Creating environment hook '/home/reeve/Vacuum_Cleaner_nav/install/vacuum_slam/share/vacuum_slam/hook/pythonpath.ps1'
[8.993s] INFO:colcon.colcon_core.shell:Creating environment descriptor '/home/reeve/Vacuum_Cleaner_nav/install/vacuum_slam/share/vacuum_slam/hook/pythonpath.dsv'
[8.997s] INFO:colcon.colcon_core.shell:Creating environment hook '/home/reeve/Vacuum_Cleaner_nav/install/vacuum_slam/share/vacuum_slam/hook/pythonpath.sh'
[9.001s] Level 1:colcon.colcon_core.environment:checking '/home/reeve/Vacuum_Cleaner_nav/install/vacuum_slam/bin'
[9.001s] Level 1:colcon.colcon_core.environment:create_environment_scripts_only(vacuum_slam)
[9.003s] INFO:colcon.colcon_core.shell:Creating package script '/home/reeve/Vacuum_Cleaner_nav/install/vacuum_slam/share/vacuum_slam/package.ps1'
[9.005s] INFO:colcon.colcon_core.shell:Creating package descriptor '/home/reeve/Vacuum_Cleaner_nav/install/vacuum_slam/share/vacuum_slam/package.dsv'
[9.008s] INFO:colcon.colcon_core.shell:Creating package script '/home/reeve/Vacuum_Cleaner_nav/install/vacuum_slam/share/vacuum_slam/package.sh'
[9.010s] INFO:colcon.colcon_core.shell:Creating package script '/home/reeve/Vacuum_Cleaner_nav/install/vacuum_slam/share/vacuum_slam/package.bash'
[9.012s] INFO:colcon.colcon_core.shell:Creating package script '/home/reeve/Vacuum_Cleaner_nav/install/vacuum_slam/share/vacuum_slam/package.zsh'
[9.014s] Level 1:colcon.colcon_core.environment:create_file_with_runtime_dependencies(/home/reeve/Vacuum_Cleaner_nav/install/vacuum_slam/share/colcon-core/packages/vacuum_slam)
[9.690s] DEBUG:colcon.colcon_core.event_handler.log_command:Invoked command in '/home/reeve/Vacuum_Cleaner_nav/build/ldlidar_sl_ros2' returned '0': CMAKE_PREFIX_PATH=${CMAKE_PREFIX_PATH}:/home/reeve/Vacuum_Cleaner_nav/install/vacuum_slam:/home/reeve/Vacuum_Cleaner_nav/install/vacuum_odom:/opt/ros/humble /usr/bin/cmake /home/reeve/Vacuum_Cleaner_nav/src/ldlidar_sl_ros2 -DCMAKE_INSTALL_PREFIX=/home/reeve/Vacuum_Cleaner_nav/install/ldlidar_sl_ros2
[9.702s] DEBUG:colcon.colcon_core.event_handler.log_command:Invoking command in '/home/reeve/Vacuum_Cleaner_nav/build/ldlidar_sl_ros2': CMAKE_PREFIX_PATH=${CMAKE_PREFIX_PATH}:/home/reeve/Vacuum_Cleaner_nav/install/vacuum_slam:/home/reeve/Vacuum_Cleaner_nav/install/vacuum_odom:/opt/ros/humble /usr/bin/cmake --build /home/reeve/Vacuum_Cleaner_nav/build/ldlidar_sl_ros2 -- -j4 -l4
[33.548s] DEBUG:colcon.colcon_core.event_handler.log_command:Invoked command in '/home/reeve/Vacuum_Cleaner_nav/build/ldlidar_sl_ros2' returned '0': CMAKE_PREFIX_PATH=${CMAKE_PREFIX_PATH}:/home/reeve/Vacuum_Cleaner_nav/install/vacuum_slam:/home/reeve/Vacuum_Cleaner_nav/install/vacuum_odom:/opt/ros/humble /usr/bin/cmake --build /home/reeve/Vacuum_Cleaner_nav/build/ldlidar_sl_ros2 -- -j4 -l4
[33.589s] DEBUG:colcon.colcon_core.event_handler.log_command:Invoking command in '/home/reeve/Vacuum_Cleaner_nav/build/ldlidar_sl_ros2': CMAKE_PREFIX_PATH=${CMAKE_PREFIX_PATH}:/home/reeve/Vacuum_Cleaner_nav/install/vacuum_slam:/home/reeve/Vacuum_Cleaner_nav/install/vacuum_odom:/opt/ros/humble /usr/bin/cmake --install /home/reeve/Vacuum_Cleaner_nav/build/ldlidar_sl_ros2
[33.661s] Level 1:colcon.colcon_core.environment:create_environment_scripts_only(ldlidar_sl_ros2)
[33.662s] Level 1:colcon.colcon_core.environment:checking '/home/reeve/Vacuum_Cleaner_nav/install/ldlidar_sl_ros2' for CMake module files
[33.663s] DEBUG:colcon.colcon_core.event_handler.log_command:Invoked command in '/home/reeve/Vacuum_Cleaner_nav/build/ldlidar_sl_ros2' returned '0': CMAKE_PREFIX_PATH=${CMAKE_PREFIX_PATH}:/home/reeve/Vacuum_Cleaner_nav/install/vacuum_slam:/home/reeve/Vacuum_Cleaner_nav/install/vacuum_odom:/opt/ros/humble /usr/bin/cmake --install /home/reeve/Vacuum_Cleaner_nav/build/ldlidar_sl_ros2
[33.666s] Level 1:colcon.colcon_core.environment:checking '/home/reeve/Vacuum_Cleaner_nav/install/ldlidar_sl_ros2' for CMake config files
[33.668s] Level 1:colcon.colcon_core.shell:create_environment_hook('ldlidar_sl_ros2', 'cmake_prefix_path')
[33.669s] INFO:colcon.colcon_core.shell:Creating environment hook '/home/reeve/Vacuum_Cleaner_nav/install/ldlidar_sl_ros2/share/ldlidar_sl_ros2/hook/cmake_prefix_path.ps1'
[33.671s] INFO:colcon.colcon_core.shell:Creating environment descriptor '/home/reeve/Vacuum_Cleaner_nav/install/ldlidar_sl_ros2/share/ldlidar_sl_ros2/hook/cmake_prefix_path.dsv'
[33.674s] INFO:colcon.colcon_core.shell:Creating environment hook '/home/reeve/Vacuum_Cleaner_nav/install/ldlidar_sl_ros2/share/ldlidar_sl_ros2/hook/cmake_prefix_path.sh'
[33.678s] Level 1:colcon.colcon_core.environment:checking '/home/reeve/Vacuum_Cleaner_nav/install/ldlidar_sl_ros2/lib'
[33.678s] Level 1:colcon.colcon_core.environment:checking '/home/reeve/Vacuum_Cleaner_nav/install/ldlidar_sl_ros2/bin'
[33.679s] Level 1:colcon.colcon_core.environment:checking '/home/reeve/Vacuum_Cleaner_nav/install/ldlidar_sl_ros2/lib/pkgconfig/ldlidar_sl_ros2.pc'
[33.680s] Level 1:colcon.colcon_core.environment:checking '/home/reeve/Vacuum_Cleaner_nav/install/ldlidar_sl_ros2/lib/python3.10/site-packages'
[33.682s] Level 1:colcon.colcon_core.environment:checking '/home/reeve/Vacuum_Cleaner_nav/install/ldlidar_sl_ros2/bin'
[33.683s] INFO:colcon.colcon_core.shell:Creating package script '/home/reeve/Vacuum_Cleaner_nav/install/ldlidar_sl_ros2/share/ldlidar_sl_ros2/package.ps1'
[33.686s] INFO:colcon.colcon_core.shell:Creating package descriptor '/home/reeve/Vacuum_Cleaner_nav/install/ldlidar_sl_ros2/share/ldlidar_sl_ros2/package.dsv'
[33.689s] INFO:colcon.colcon_core.shell:Creating package script '/home/reeve/Vacuum_Cleaner_nav/install/ldlidar_sl_ros2/share/ldlidar_sl_ros2/package.sh'
[33.691s] INFO:colcon.colcon_core.shell:Creating package script '/home/reeve/Vacuum_Cleaner_nav/install/ldlidar_sl_ros2/share/ldlidar_sl_ros2/package.bash'
[33.693s] INFO:colcon.colcon_core.shell:Creating package script '/home/reeve/Vacuum_Cleaner_nav/install/ldlidar_sl_ros2/share/ldlidar_sl_ros2/package.zsh'
[33.695s] Level 1:colcon.colcon_core.environment:create_file_with_runtime_dependencies(/home/reeve/Vacuum_Cleaner_nav/install/ldlidar_sl_ros2/share/colcon-core/packages/ldlidar_sl_ros2)
[33.697s] Level 1:colcon.colcon_core.environment:create_environment_scripts_only(ldlidar_sl_ros2)
[33.698s] Level 1:colcon.colcon_core.environment:checking '/home/reeve/Vacuum_Cleaner_nav/install/ldlidar_sl_ros2' for CMake module files
[33.702s] Level 1:colcon.colcon_core.environment:checking '/home/reeve/Vacuum_Cleaner_nav/install/ldlidar_sl_ros2' for CMake config files
[33.704s] Level 1:colcon.colcon_core.shell:create_environment_hook('ldlidar_sl_ros2', 'cmake_prefix_path')
[33.705s] INFO:colcon.colcon_core.shell:Creating environment hook '/home/reeve/Vacuum_Cleaner_nav/install/ldlidar_sl_ros2/share/ldlidar_sl_ros2/hook/cmake_prefix_path.ps1'
[33.707s] INFO:colcon.colcon_core.shell:Creating environment descriptor '/home/reeve/Vacuum_Cleaner_nav/install/ldlidar_sl_ros2/share/ldlidar_sl_ros2/hook/cmake_prefix_path.dsv'
[33.709s] INFO:colcon.colcon_core.shell:Creating environment hook '/home/reeve/Vacuum_Cleaner_nav/install/ldlidar_sl_ros2/share/ldlidar_sl_ros2/hook/cmake_prefix_path.sh'
[33.712s] Level 1:colcon.colcon_core.environment:checking '/home/reeve/Vacuum_Cleaner_nav/install/ldlidar_sl_ros2/lib'
[33.713s] Level 1:colcon.colcon_core.environment:checking '/home/reeve/Vacuum_Cleaner_nav/install/ldlidar_sl_ros2/bin'
[33.713s] Level 1:colcon.colcon_core.environment:checking '/home/reeve/Vacuum_Cleaner_nav/install/ldlidar_sl_ros2/lib/pkgconfig/ldlidar_sl_ros2.pc'
[33.714s] Level 1:colcon.colcon_core.environment:checking '/home/reeve/Vacuum_Cleaner_nav/install/ldlidar_sl_ros2/lib/python3.10/site-packages'
[33.714s] Level 1:colcon.colcon_core.environment:checking '/home/reeve/Vacuum_Cleaner_nav/install/ldlidar_sl_ros2/bin'
[33.716s] INFO:colcon.colcon_core.shell:Creating package script '/home/reeve/Vacuum_Cleaner_nav/install/ldlidar_sl_ros2/share/ldlidar_sl_ros2/package.ps1'
[33.718s] INFO:colcon.colcon_core.shell:Creating package descriptor '/home/reeve/Vacuum_Cleaner_nav/install/ldlidar_sl_ros2/share/ldlidar_sl_ros2/package.dsv'
[33.720s] INFO:colcon.colcon_core.shell:Creating package script '/home/reeve/Vacuum_Cleaner_nav/install/ldlidar_sl_ros2/share/ldlidar_sl_ros2/package.sh'
[33.722s] INFO:colcon.colcon_core.shell:Creating package script '/home/reeve/Vacuum_Cleaner_nav/install/ldlidar_sl_ros2/share/ldlidar_sl_ros2/package.bash'
[33.724s] INFO:colcon.colcon_core.shell:Creating package script '/home/reeve/Vacuum_Cleaner_nav/install/ldlidar_sl_ros2/share/ldlidar_sl_ros2/package.zsh'
[33.726s] Level 1:colcon.colcon_core.environment:create_file_with_runtime_dependencies(/home/reeve/Vacuum_Cleaner_nav/install/ldlidar_sl_ros2/share/colcon-core/packages/ldlidar_sl_ros2)
[33.728s] DEBUG:colcon.colcon_parallel_executor.executor.parallel:closing loop
[33.729s] DEBUG:colcon.colcon_parallel_executor.executor.parallel:loop closed
[33.729s] DEBUG:colcon.colcon_parallel_executor.executor.parallel:run_until_complete finished with '0'
[33.730s] DEBUG:colcon.colcon_core.event_reactor:joining thread
[33.751s] INFO:colcon.colcon_core.plugin_system:Skipping extension 'colcon_notification.desktop_notification.terminal_notifier': Not used on non-Darwin systems
[33.751s] INFO:colcon.colcon_core.plugin_system:Skipping extension 'colcon_notification.desktop_notification.win32': Not used on non-Windows systems
[33.751s] INFO:colcon.colcon_notification.desktop_notification:Sending desktop notification using 'notify2'
[33.756s] DEBUG:colcon.colcon_notification.desktop_notification.notify2:Failed to initialize notify2: org.freedesktop.DBus.Error.ServiceUnknown: The name org.freedesktop.Notifications was not provided by any .service files
[33.757s] DEBUG:colcon.colcon_core.event_reactor:joined thread
[33.758s] INFO:colcon.colcon_core.shell:Creating prefix script '/home/reeve/Vacuum_Cleaner_nav/install/local_setup.ps1'
[33.762s] INFO:colcon.colcon_core.shell:Creating prefix util module '/home/reeve/Vacuum_Cleaner_nav/install/_local_setup_util_ps1.py'
[33.771s] INFO:colcon.colcon_core.shell:Creating prefix chain script '/home/reeve/Vacuum_Cleaner_nav/install/setup.ps1'
[33.778s] INFO:colcon.colcon_core.shell:Creating prefix script '/home/reeve/Vacuum_Cleaner_nav/install/local_setup.sh'
[33.781s] INFO:colcon.colcon_core.shell:Creating prefix util module '/home/reeve/Vacuum_Cleaner_nav/install/_local_setup_util_sh.py'
[33.784s] INFO:colcon.colcon_core.shell:Creating prefix chain script '/home/reeve/Vacuum_Cleaner_nav/install/setup.sh'
[33.790s] INFO:colcon.colcon_core.shell:Creating prefix script '/home/reeve/Vacuum_Cleaner_nav/install/local_setup.bash'
[33.793s] INFO:colcon.colcon_core.shell:Creating prefix chain script '/home/reeve/Vacuum_Cleaner_nav/install/setup.bash'
[33.799s] INFO:colcon.colcon_core.shell:Creating prefix script '/home/reeve/Vacuum_Cleaner_nav/install/local_setup.zsh'
[33.802s] INFO:colcon.colcon_core.shell:Creating prefix chain script '/home/reeve/Vacuum_Cleaner_nav/install/setup.zsh'
